20:47:19.212 [main                     ] DEBUG Logger               - Configured Logger
20:47:19.221 [main                     ] DEBUG GameApplication      - Logging settings
Title: Basic Game App
Version: 0.1
Width: 600
Height: 600
Fullscreen: false
Intro: false
Profiling: false
Single step:false
App Mode: DEVELOPER
Menu Key: ESCAPE
Stage Style: DECORATED
Scene Factory: class com.almasb.fxgl.app.scene.SceneFactory

20:47:20.271 [JavaFX Application Thread] DEBUG FXGLApplication      - Initializing FXGL
20:47:20.279 [JavaFX Application Thread] INFO  Engine               - FXGL-11.12 (11.12.2020 08.51) on WINDOWS (J:21.0.2 FX:21)
20:47:20.281 [JavaFX Application Thread] DEBUG Engine               - JRE Vendor Name: Oracle Corporation
20:47:20.281 [JavaFX Application Thread] DEBUG Engine               - Running on OS: Windows 11 version 10.0
20:47:20.282 [JavaFX Application Thread] DEBUG Engine               - Architecture: amd64
20:47:20.282 [JavaFX Application Thread] INFO  Engine               - Source code and latest versions at: https://github.com/AlmasB/FXGL
20:47:20.282 [JavaFX Application Thread] INFO  Engine               -              Join the FXGL chat at: https://gitter.im/AlmasB/FXGL
20:47:20.584 [JavaFX Application Thread] DEBUG MainWindow           - Creating a JavaFX scene
20:47:20.707 [JavaFX Application Thread] DEBUG MainWindow           - Target settings size: 600.0 x 600.0
20:47:20.708 [JavaFX Application Thread] DEBUG MainWindow           - Scaled scene size:    600.0 x 600.0
20:47:20.708 [JavaFX Application Thread] DEBUG MainWindow           - Scaled ratio: (1.0, 1.0)
20:47:20.711 [JavaFX Application Thread] DEBUG MainWindow           - Set initial scene to StartupScene
20:47:20.722 [JavaFX Application Thread] DEBUG MainWindow           - Opening main window
20:47:20.967 [JavaFX Application Thread] DEBUG MainWindow           - Window border size: (14.4000244140625, 37.5999755859375)
20:47:20.968 [JavaFX Application Thread] DEBUG MainWindow           - Scaled size: 600.0 x 600.0
20:47:20.968 [JavaFX Application Thread] DEBUG MainWindow           - Scaled ratio: (1.0, 1.0)
20:47:20.969 [JavaFX Application Thread] DEBUG MainWindow           - Scene size: 600.0 x 600.0
20:47:20.969 [JavaFX Application Thread] DEBUG MainWindow           - Stage size: 614.4000244140625 x 637.5999755859375
20:47:21.002 [FXGL Background Thread 1 ] DEBUG Engine               - Initializing environment variables
20:47:21.253 [FXGL Background Thread 1 ] DEBUG GameApplicationServi - Applying CSS: fxgl_dark.css
20:47:21.256 [FXGL Background Thread 1 ] DEBUG FXGLAssetLoaderServi - Loading from file system: /assets/ui/css/fxgl_dark.css
20:47:21.549 [FXGL Background Thread 1 ] DEBUG GameApplicationServi - Initializing application scenes
20:47:21.724 [FXGL Background Thread 1 ] DEBUG GameWorld            - Game world initialized
20:47:21.979 [FXGL Background Thread 1 ] DEBUG PhysicsWorld         - Physics world initialized: appHeight=600, physics.ppm=50.0
20:47:21.985 [FXGL Background Thread 1 ] DEBUG GameScene            - Game scene initialized: 600x600
20:47:22.073 [FXGL Background Thread 1 ] DEBUG FXGLAssetLoaderServi - Loading from file system: /assets/textures/particles/trace_horizontal.png
20:47:22.196 [FXGL Background Thread 1 ] WARN  FXGL.DefaultMenu     - FXGLDefaultMenu is not designed for resolutions < 800x600
20:47:22.197 [FXGL Background Thread 1 ] DEBUG FXGL.DefaultMenu     - createMenuBodyGameMenu()
20:47:22.246 [FXGL Background Thread 1 ] DEBUG FXGL.DefaultMenu     - createOptionsMenu()
20:47:22.268 [FXGL Background Thread 1 ] DEBUG FXGLAssetLoaderServi - Loading from file system: /assets/textures/particles/smoke.png
20:47:22.409 [FXGL Background Thread 1 ] DEBUG GameApplicationServi - Application scenes initialized
20:47:22.470 [FXGL Background Thread 1 ] DEBUG SystemBundleService  - Loading FXGL system data
20:47:22.480 [FXGL Background Thread 1 ] DEBUG FileSystemAccess     - Reading from: C:\Users\chowdhuryj\OneDrive - Milwaukee School of Engineering\Desktop\FXGL\system\fxgl.bundle
20:47:22.503 [FXGL Background Thread 1 ] DEBUG SystemBundleService  - Bundle FXGL: {}
20:47:22.503 [FXGL Background Thread 1 ] DEBUG UpdaterService       - Checking for updates
20:47:22.515 [FXGL Background Thread 4 ] DEBUG FXGLApplication      - Loading fonts
20:47:22.515 [FXGL Background Thread 4 ] DEBUG FXGLAssetLoaderServi - Loading from file system: /assets/ui/fonts/VarelaRound-Regular.ttf
20:47:22.517 [FXGL Background Thread 1 ] DEBUG FXGLApplication      - Loading default localization
20:47:22.518 [FXGL Background Thread 1 ] DEBUG FXGLAssetLoaderServi - Loading from file system: /assets/languages/english.lang
20:47:22.566 [FXGL Background Thread 1 ] INFO  FXGLApplication      - FXGL initialization took: 1.563 sec
20:47:22.594 [JavaFX Application Thread] DEBUG Input                - Registered new binding: action0 - D
20:47:22.596 [JavaFX Application Thread] DEBUG Input                - Registered new binding: action1 - A
20:47:22.599 [JavaFX Application Thread] DEBUG Input                - Registered new binding: action2 - W
20:47:22.603 [JavaFX Application Thread] DEBUG Input                - Registered new binding: action3 - S
20:47:22.606 [JavaFX Application Thread] DEBUG Input                - Registered new binding: action4 - F
20:47:22.606 [JavaFX Application Thread] DEBUG FXGLAssetLoaderServi - Loading from file system: /assets/textures/fxgl_icon.png
20:47:22.699 [JavaFX Application Thread] DEBUG FXGLAssetLoaderServi - Loading from file system: /assets/ui/cursors/fxgl_default.png
20:47:22.724 [JavaFX Application Thread] DEBUG Input                - Registered new binding: Screenshot - P
20:47:22.729 [JavaFX Application Thread] DEBUG Input                - Registered new binding: System info dump - CTRL+9
20:47:22.735 [JavaFX Application Thread] DEBUG Input                - Registered new binding: Restart - CTRL+R
20:47:22.747 [FXGL Background Thread 4 ] DEBUG FXGLAssetLoaderServi - Loading from file system: /assets/ui/fonts/Abel-Regular.ttf
20:47:22.749 [JavaFX Application Thread] DEBUG Input                - Registered new binding: Toggle Debug Camera - CTRL+C
20:47:22.759 [FXGL Background Thread 4 ] DEBUG FXGLAssetLoaderServi - Loading from file system: /assets/ui/fonts/lucida_console.ttf
20:47:22.772 [JavaFX Application Thread] DEBUG LoopRunner           - Starting loop
20:47:22.779 [JavaFX Application Thread] DEBUG GameApplicationServi - Starting new game
20:47:22.779 [FXGL Background Thread 4 ] DEBUG FXGLAssetLoaderServi - Loading from file system: /assets/ui/fonts/Courier-Prime.ttf
20:47:22.780 [JavaFX Application Thread] DEBUG Input                - Clearing active input actions
20:47:22.848 [JavaFX Application Thread] DEBUG GameApplicationServi - Removing overlay from StartupScene and adding to FXGLLoadingScene
20:47:22.849 [JavaFX Application Thread] DEBUG MainWindow           - StartupScene -> FXGLLoadingScene
20:47:22.849 [JavaFX Application Thread] DEBUG GameApplicationServi - Clearing previous game
20:47:22.850 [JavaFX Application Thread] DEBUG GameScene            - Clearing game scene
20:47:22.850 [JavaFX Application Thread] DEBUG GameWorld            - Clearing game world
20:47:22.851 [JavaFX Application Thread] DEBUG PhysicsWorld         - Clearing physics world
20:47:22.860 [FXGL Background Thread 4 ] DEBUG FXGLApplication      - Initializing game
20:47:22.878 [FXGL Background Thread 4 ] DEBUG FXGLAssetLoaderServi - Loading from file system: /assets/textures/brick.png
20:47:22.910 [FXGL Background Thread 4 ] DEBUG FXGLAssetLoaderServi - Loading from cache: /assets/textures/brick.png
20:47:22.916 [FXGL Background Thread 4 ] INFO  FXGLApplication      - Game initialization took: 0.056 sec
20:47:23.021 [JavaFX Application Thread] DEBUG FXGLApplication      - Registering font factories with UI factory
20:47:23.029 [JavaFX Application Thread] DEBUG Input                - Clearing active input actions
20:47:23.058 [JavaFX Application Thread] DEBUG GameApplicationServi - Removing overlay from FXGLLoadingScene and adding to GameScene
20:47:23.059 [JavaFX Application Thread] DEBUG MainWindow           - FXGLLoadingScene -> GameScene
20:47:24.077 [FXGL Background Thread 2 ] INFO  UpdaterService       - Your current version:  11.12
20:47:24.077 [FXGL Background Thread 2 ] INFO  UpdaterService       - Latest stable version: 21.1
20:47:24.603 [JavaFX Application Thread] DEBUG FXGLAssetLoaderServi - Loading from file system: /assets/sounds/drop.wav
20:47:24.622 [JavaFX Application Thread] DEBUG LoopRunner           - Stopping loop
20:47:24.623 [JavaFX Application Thread] FATAL FXGLApplication      - Uncaught Exception:
java.lang.IllegalAccessError: class com.sun.media.jfxmediaimpl.NativeMediaManager (in unnamed module @0x4c2a5f90) cannot access class com.sun.glass.utils.NativeLibLoader (in module javafx.graphics) because module javafx.graphics does not export com.sun.glass.utils to unnamed module @0x4c2a5f90
	at com.sun.media.jfxmediaimpl.NativeMediaManager.lambda$new$0(NativeMediaManager.java:110)
	at java.base/java.security.AccessController.doPrivileged(AccessController.java:571)
	at com.sun.media.jfxmediaimpl.NativeMediaManager.<init>(NativeMediaManager.java:107)
	at com.sun.media.jfxmediaimpl.NativeMediaManager$NativeMediaManagerInitializer.<clinit>(NativeMediaManager.java:78)
	at com.sun.media.jfxmediaimpl.NativeMediaManager.getDefaultInstance(NativeMediaManager.java:90)
	at com.sun.media.jfxmedia.MediaManager.canPlayProtocol(MediaManager.java:78)
	at com.sun.media.jfxmedia.locator.Locator.<init>(Locator.java:239)
	at com.sun.media.jfxmediaimpl.NativeMediaAudioClip.<init>(NativeMediaAudioClip.java:53)
	at com.sun.media.jfxmediaimpl.NativeMediaAudioClip.load(NativeMediaAudioClip.java:63)
	at com.sun.media.jfxmediaimpl.AudioClipProvider.load(AudioClipProvider.java:66)
	at com.sun.media.jfxmedia.AudioClip.load(AudioClip.java:135)
	at javafx.scene.media.AudioClip.<init>(AudioClip.java:83)
	at com.almasb.fxgl.audio.impl.DesktopAndMobileAudioService.loadAudioImpl(DesktopAndMobileAudioService.kt:36)
	at com.almasb.fxgl.audio.impl.DefaultAudioService.loadAudio(DefaultAudioService.kt:29)
	at com.almasb.fxgl.app.services.FXGLAssetLoaderService.loadSound(FXGLAssetLoaderService.kt:216)
	at com.almasb.fxgl.dsl.FXGL$Companion.play(FXGL.kt:349)
	at com.almasb.fxgl.dsl.FXGL.play(FXGL.kt)
	at tutorial.BasicGameApp.lambda$initInput$4(BasicGameApp.java:97)
	at com.almasb.fxgl.dsl.FXGL$Companion$onKeyDown$1.onActionBegin(FXGL.kt:373)
	at com.almasb.fxgl.input.UserAction.begin$fxgl_input(UserAction.kt:37)
	at com.almasb.fxgl.input.Input.handlePressed(Input.kt:261)
	at com.almasb.fxgl.input.Input.onKeyEvent(Input.kt:202)
	at com.almasb.fxgl.app.MainWindow$1$1.invoke(MainWindow.kt:93)
	at com.almasb.fxgl.app.MainWindow$1$1.invoke(MainWindow.kt:40)
	at com.almasb.fxgl.core.fsm.StateMachine.runOnActiveStates(StateMachine.kt:60)
	at com.almasb.fxgl.app.MainWindow$1.invoke(MainWindow.kt:93)
	at com.almasb.fxgl.app.MainWindow$1.invoke(MainWindow.kt:40)
	at com.almasb.fxgl.app.MainWindow$sam$javafx_event_EventHandler$0.handle(MainWindow.kt)
	at javafx.base@21/com.sun.javafx.event.CompositeEventHandler$NormalEventHandlerRecord.handleBubblingEvent(CompositeEventHandler.java:247)
	at javafx.base@21/com.sun.javafx.event.CompositeEventHandler.dispatchBubblingEvent(CompositeEventHandler.java:80)
	at javafx.base@21/com.sun.javafx.event.EventHandlerManager.dispatchBubblingEvent(EventHandlerManager.java:232)
	at javafx.base@21/com.sun.javafx.event.EventHandlerManager.dispatchBubblingEvent(EventHandlerManager.java:189)
	at javafx.base@21/com.sun.javafx.event.CompositeEventDispatcher.dispatchBubblingEvent(CompositeEventDispatcher.java:59)
	at javafx.base@21/com.sun.javafx.event.BasicEventDispatcher.dispatchEvent(BasicEventDispatcher.java:58)
	at javafx.base@21/com.sun.javafx.event.EventDispatchChainImpl.dispatchEvent(EventDispatchChainImpl.java:114)
	at javafx.base@21/com.sun.javafx.event.BasicEventDispatcher.dispatchEvent(BasicEventDispatcher.java:56)
	at javafx.base@21/com.sun.javafx.event.EventDispatchChainImpl.dispatchEvent(EventDispatchChainImpl.java:114)
	at javafx.base@21/com.sun.javafx.event.EventUtil.fireEventImpl(EventUtil.java:74)
	at javafx.base@21/com.sun.javafx.event.EventUtil.fireEvent(EventUtil.java:54)
	at javafx.base@21/javafx.event.Event.fireEvent(Event.java:198)
	at javafx.graphics@21/javafx.scene.Scene.processKeyEvent(Scene.java:2194)
	at javafx.graphics@21/javafx.scene.Scene$ScenePeerListener.keyEvent(Scene.java:2715)
	at javafx.graphics@21/com.sun.javafx.tk.quantum.GlassViewEventHandler$KeyEventNotification.run(GlassViewEventHandler.java:218)
	at javafx.graphics@21/com.sun.javafx.tk.quantum.GlassViewEventHandler$KeyEventNotification.run(GlassViewEventHandler.java:150)
	at java.base/java.security.AccessController.doPrivileged(AccessController.java:400)
	at javafx.graphics@21/com.sun.javafx.tk.quantum.GlassViewEventHandler.lambda$handleKeyEvent$1(GlassViewEventHandler.java:250)
	at javafx.graphics@21/com.sun.javafx.tk.quantum.QuantumToolkit.runWithoutRenderLock(QuantumToolkit.java:424)
	at javafx.graphics@21/com.sun.javafx.tk.quantum.GlassViewEventHandler.handleKeyEvent(GlassViewEventHandler.java:249)
	at javafx.graphics@21/com.sun.glass.ui.View.handleKeyEvent(View.java:542)
	at javafx.graphics@21/com.sun.glass.ui.View.notifyKey(View.java:966)
	at javafx.graphics@21/com.sun.glass.ui.win.WinApplication._runLoop(Native Method)
	at javafx.graphics@21/com.sun.glass.ui.win.WinApplication.lambda$runLoop$3(WinApplication.java:185)
	at java.base/java.lang.Thread.run(Thread.java:1583)

20:47:24.623 [JavaFX Application Thread] FATAL FXGLApplication      - Application will now exit
20:47:24.643 [JavaFX Application Thread] DEBUG MainWindow           - Push state: ErrorSubScene
20:47:24.643 [JavaFX Application Thread] DEBUG Input                - Clearing active input actions
20:47:24.650 [JavaFX Application Thread] DEBUG GameApplicationServi - Removing overlay from GameScene and adding to ErrorSubScene
20:47:24.650 [JavaFX Application Thread] DEBUG MainWindow           - GameScene -> ErrorSubScene
20:47:25.568 [FXGL Background Thread 3 ] DEBUG Engine               - Logging environment variables
20:47:25.569 [FXGL Background Thread 3 ] DEBUG Engine               - achievements: []
20:47:25.574 [FXGL Background Thread 3 ] DEBUG Engine               - actualHeight: 600.0
20:47:25.574 [FXGL Background Thread 3 ] DEBUG Engine               - actualHeightProperty: ReadOnlyDoubleProperty [value: 600.0]
20:47:25.574 [FXGL Background Thread 3 ] DEBUG Engine               - actualWidth: 600.0
20:47:25.575 [FXGL Background Thread 3 ] DEBUG Engine               - actualWidthProperty: ReadOnlyDoubleProperty [value: 600.0]
20:47:25.575 [FXGL Background Thread 3 ] DEBUG Engine               - appIcon: fxgl_icon.png
20:47:25.575 [FXGL Background Thread 3 ] DEBUG Engine               - applicationMode: DEVELOPER
20:47:25.575 [FXGL Background Thread 3 ] DEBUG Engine               - cSSList: [fxgl_dark.css]
20:47:25.575 [FXGL Background Thread 3 ] DEBUG Engine               - configClass: Optional.empty
20:47:25.575 [FXGL Background Thread 3 ] DEBUG Engine               - credits: []
20:47:25.576 [FXGL Background Thread 3 ] DEBUG Engine               - devBBoxColorProperty: ObjectProperty [value: 0xff0000ff]
20:47:25.576 [FXGL Background Thread 3 ] DEBUG Engine               - devEnableDebugCameraProperty: BooleanProperty [value: false]
20:47:25.576 [FXGL Background Thread 3 ] DEBUG Engine               - devSensorColorProperty: ObjectProperty [value: 0xffff00ff]
20:47:25.577 [FXGL Background Thread 3 ] DEBUG Engine               - devShowBBoxProperty: BooleanProperty [value: false]
20:47:25.577 [FXGL Background Thread 3 ] DEBUG Engine               - devShowPositionProperty: BooleanProperty [value: false]
20:47:25.577 [FXGL Background Thread 3 ] DEBUG Engine               - enabledMenuItems: []
20:47:25.577 [FXGL Background Thread 3 ] DEBUG Engine               - engineServices: [class com.almasb.fxgl.app.FXGLApplication$GameApplicationService, class com.almasb.fxgl.app.services.FXGLDialogService, class com.almasb.fxgl.app.services.IOTaskExecutorService, class com.almasb.fxgl.event.EventBusService, class com.almasb.fxgl.io.FileSystemService, class com.almasb.fxgl.localization.LocalizationService, class com.almasb.fxgl.app.services.FXGLAssetLoaderService, class com.almasb.fxgl.app.services.SystemBundleService, class com.almasb.fxgl.profile.SaveLoadService, class com.almasb.fxgl.ui.FXGLUIFactoryServiceProvider, class com.almasb.fxgl.ui.FXGLDialogFactoryServiceProvider, class com.almasb.fxgl.audio.AudioPlayer, class com.almasb.fxgl.notification.impl.NotificationServiceProvider, class com.almasb.fxgl.achievement.AchievementService, class com.almasb.fxgl.cutscene.CutsceneService, class com.almasb.fxgl.minigames.MiniGameService, class com.almasb.fxgl.net.NetService, class com.almasb.fxgl.app.services.UpdaterService, class com.almasb.fxgl.dev.DevService]
20:47:25.577 [FXGL Background Thread 3 ] DEBUG Engine               - fontGame: Abel-Regular.ttf
20:47:25.577 [FXGL Background Thread 3 ] DEBUG Engine               - fontMono: lucida_console.ttf
20:47:25.577 [FXGL Background Thread 3 ] DEBUG Engine               - fontText: Courier-Prime.ttf
20:47:25.578 [FXGL Background Thread 3 ] DEBUG Engine               - fontUI: VarelaRound-Regular.ttf
20:47:25.578 [FXGL Background Thread 3 ] DEBUG Engine               - fullScreen: BooleanProperty [value: false]
20:47:25.578 [FXGL Background Thread 3 ] DEBUG Engine               - gameDifficulty: MEDIUM
20:47:25.578 [FXGL Background Thread 3 ] DEBUG Engine               - gameDifficultyProperty: ObjectProperty [value: MEDIUM]
20:47:25.578 [FXGL Background Thread 3 ] DEBUG Engine               - globalMusicVolume: 0.5
20:47:25.582 [FXGL Background Thread 3 ] DEBUG Engine               - globalMusicVolumeProperty: DoubleProperty [value: 0.5]
20:47:25.582 [FXGL Background Thread 3 ] DEBUG Engine               - globalSoundVolume: 0.5
20:47:25.583 [FXGL Background Thread 3 ] DEBUG Engine               - globalSoundVolumeProperty: DoubleProperty [value: 0.5]
20:47:25.583 [FXGL Background Thread 3 ] DEBUG Engine               - height: 600
20:47:25.583 [FXGL Background Thread 3 ] DEBUG Engine               - isAndroid: false
20:47:25.583 [FXGL Background Thread 3 ] DEBUG Engine               - isBrowser: false
20:47:25.584 [FXGL Background Thread 3 ] DEBUG Engine               - isClickFeedbackEnabled: false
20:47:25.585 [FXGL Background Thread 3 ] DEBUG Engine               - isCloseConfirmation: false
20:47:25.585 [FXGL Background Thread 3 ] DEBUG Engine               - isDesktop: true
20:47:25.585 [FXGL Background Thread 3 ] DEBUG Engine               - isDeveloperMenuEnabled: false
20:47:25.585 [FXGL Background Thread 3 ] DEBUG Engine               - isEntityPreloadEnabled: true
20:47:25.586 [FXGL Background Thread 3 ] DEBUG Engine               - isExperimental3D: false
20:47:25.586 [FXGL Background Thread 3 ] DEBUG Engine               - isExperimentalNative: false
20:47:25.586 [FXGL Background Thread 3 ] DEBUG Engine               - isExperimentalTiledLargeMap: false
20:47:25.588 [FXGL Background Thread 3 ] DEBUG Engine               - isFileSystemWriteAllowed: true
20:47:25.591 [FXGL Background Thread 3 ] DEBUG Engine               - isFullScreenAllowed: false
20:47:25.592 [FXGL Background Thread 3 ] DEBUG Engine               - isFullScreenFromStart: false
20:47:25.592 [FXGL Background Thread 3 ] DEBUG Engine               - isGameMenuEnabled: true
20:47:25.592 [FXGL Background Thread 3 ] DEBUG Engine               - isIOS: false
20:47:25.597 [FXGL Background Thread 3 ] DEBUG Engine               - isIntroEnabled: false
20:47:25.597 [FXGL Background Thread 3 ] DEBUG Engine               - isLinux: false
20:47:25.597 [FXGL Background Thread 3 ] DEBUG Engine               - isMac: false
20:47:25.598 [FXGL Background Thread 3 ] DEBUG Engine               - isMainMenuEnabled: false
20:47:25.598 [FXGL Background Thread 3 ] DEBUG Engine               - isManualResizeEnabled: false
20:47:25.599 [FXGL Background Thread 3 ] DEBUG Engine               - isMobile: false
20:47:25.599 [FXGL Background Thread 3 ] DEBUG Engine               - isPreserveResizeRatio: false
20:47:25.599 [FXGL Background Thread 3 ] DEBUG Engine               - isProfilingEnabled: false
20:47:25.599 [FXGL Background Thread 3 ] DEBUG Engine               - isScaleAffectedOnResize: true
20:47:25.599 [FXGL Background Thread 3 ] DEBUG Engine               - isSingleStep: false
20:47:25.599 [FXGL Background Thread 3 ] DEBUG Engine               - isUserProfileEnabled: false
20:47:25.599 [FXGL Background Thread 3 ] DEBUG Engine               - isWindows: true
20:47:25.600 [FXGL Background Thread 3 ] DEBUG Engine               - language: ObjectProperty [value: ENGLISH]
20:47:25.600 [FXGL Background Thread 3 ] DEBUG Engine               - menuKey: ESCAPE
20:47:25.600 [FXGL Background Thread 3 ] DEBUG Engine               - notificationViewClass: class com.almasb.fxgl.notification.view.XboxNotificationView
20:47:25.600 [FXGL Background Thread 3 ] DEBUG Engine               - pixelsPerMeter: 50.0
20:47:25.600 [FXGL Background Thread 3 ] DEBUG Engine               - platform: WINDOWS
20:47:25.600 [FXGL Background Thread 3 ] DEBUG Engine               - prefHeightProperty: ReadOnlyDoubleProperty [value: 600.0]
20:47:25.600 [FXGL Background Thread 3 ] DEBUG Engine               - prefWidthProperty: ReadOnlyDoubleProperty [value: 600.0]
20:47:25.600 [FXGL Background Thread 3 ] DEBUG Engine               - profileDir: profiles/
20:47:25.601 [FXGL Background Thread 3 ] DEBUG Engine               - profileName: StringProperty [value: DEFAULT]
20:47:25.602 [FXGL Background Thread 3 ] DEBUG Engine               - randomSeed: -1
20:47:25.602 [FXGL Background Thread 3 ] DEBUG Engine               - runtimeInfo: RuntimeInfo(platform=WINDOWS, version=11.12, build=11.12.2020 08.51)
20:47:25.603 [FXGL Background Thread 3 ] DEBUG Engine               - saveFileExt: sav
20:47:25.603 [FXGL Background Thread 3 ] DEBUG Engine               - scaledHeightProp$fxgl: DoubleProperty [bound, value: 600.0]
20:47:25.603 [FXGL Background Thread 3 ] DEBUG Engine               - scaledWidthProp$fxgl: DoubleProperty [bound, value: 600.0]
20:47:25.604 [FXGL Background Thread 3 ] DEBUG Engine               - sceneFactory: com.almasb.fxgl.app.scene.SceneFactory@5487463e
20:47:25.604 [FXGL Background Thread 3 ] DEBUG Engine               - secondsIn24h: 60
20:47:25.604 [FXGL Background Thread 3 ] DEBUG Engine               - soundMenuBack: menu/back.wav
20:47:25.604 [FXGL Background Thread 3 ] DEBUG Engine               - soundMenuPress: menu/press.wav
20:47:25.604 [FXGL Background Thread 3 ] DEBUG Engine               - soundMenuSelect: menu/select.wav
20:47:25.604 [FXGL Background Thread 3 ] DEBUG Engine               - soundNotification: core/notification.wav
20:47:25.604 [FXGL Background Thread 3 ] DEBUG Engine               - stageStyle: DECORATED
20:47:25.604 [FXGL Background Thread 3 ] DEBUG Engine               - supportedLanguages: [ENGLISH, FRENCH, GERMAN, HUNGARIAN, RUSSIAN]
20:47:25.605 [FXGL Background Thread 3 ] DEBUG Engine               - title: Basic Game App
20:47:25.605 [FXGL Background Thread 3 ] DEBUG Engine               - urlGithub: https://github.com/AlmasB/FXGL
20:47:25.605 [FXGL Background Thread 3 ] DEBUG Engine               - urlLeaderboard: http://fxgl-top.herokuapp.com/
20:47:25.605 [FXGL Background Thread 3 ] DEBUG Engine               - urlPOM: https://raw.githubusercontent.com/AlmasB/FXGL/master/README.md
20:47:25.605 [FXGL Background Thread 3 ] DEBUG Engine               - version: 0.1
20:47:25.605 [FXGL Background Thread 3 ] DEBUG Engine               - versionCheckDays: 7
20:47:25.605 [FXGL Background Thread 3 ] DEBUG Engine               - width: 600
20:47:25.605 [FXGL Background Thread 3 ] DEBUG Engine               - Logging services
20:47:25.606 [FXGL Background Thread 3 ] DEBUG Engine               - class com.almasb.fxgl.app.FXGLApplication$GameApplicationService
20:47:25.606 [FXGL Background Thread 3 ] DEBUG Engine               - class com.almasb.fxgl.app.services.FXGLDialogService
20:47:25.606 [FXGL Background Thread 3 ] DEBUG Engine               - class com.almasb.fxgl.app.services.IOTaskExecutorService
20:47:25.606 [FXGL Background Thread 3 ] DEBUG Engine               - class com.almasb.fxgl.event.EventBusService
20:47:25.606 [FXGL Background Thread 3 ] DEBUG Engine               - class com.almasb.fxgl.io.FileSystemService
20:47:25.606 [FXGL Background Thread 3 ] DEBUG Engine               - class com.almasb.fxgl.localization.LocalizationService
20:47:25.606 [FXGL Background Thread 3 ] DEBUG Engine               - class com.almasb.fxgl.app.services.FXGLAssetLoaderService
20:47:25.606 [FXGL Background Thread 3 ] DEBUG Engine               - class com.almasb.fxgl.app.services.SystemBundleService
20:47:25.606 [FXGL Background Thread 3 ] DEBUG Engine               - class com.almasb.fxgl.profile.SaveLoadService
20:47:25.606 [FXGL Background Thread 3 ] DEBUG Engine               - class com.almasb.fxgl.ui.FXGLUIFactoryServiceProvider
20:47:25.607 [FXGL Background Thread 3 ] DEBUG Engine               - class com.almasb.fxgl.ui.FXGLDialogFactoryServiceProvider
20:47:25.607 [FXGL Background Thread 3 ] DEBUG Engine               - class com.almasb.fxgl.audio.AudioPlayer
20:47:25.607 [FXGL Background Thread 3 ] DEBUG Engine               - class com.almasb.fxgl.notification.impl.NotificationServiceProvider
20:47:25.607 [FXGL Background Thread 3 ] DEBUG Engine               - class com.almasb.fxgl.achievement.AchievementService
20:47:25.607 [FXGL Background Thread 3 ] DEBUG Engine               - class com.almasb.fxgl.cutscene.CutsceneService
20:47:25.607 [FXGL Background Thread 3 ] DEBUG Engine               - class com.almasb.fxgl.minigames.MiniGameService
20:47:25.607 [FXGL Background Thread 3 ] DEBUG Engine               - class com.almasb.fxgl.net.NetService
20:47:25.608 [FXGL Background Thread 3 ] DEBUG Engine               - class com.almasb.fxgl.app.services.UpdaterService
20:47:25.608 [FXGL Background Thread 3 ] DEBUG Engine               - class com.almasb.fxgl.dev.DevService
20:47:28.465 [JavaFX Application Thread] DEBUG FXGLApplication      - Exiting FXGL
20:47:28.465 [JavaFX Application Thread] DEBUG Async                - Shutting down background threads
20:47:28.465 [JavaFX Application Thread] DEBUG MainWindow           - Closing main window
20:47:28.505 [JavaFX Application Thread] DEBUG Logger               - Closing Logger
