20:45:49.464 [main                     ] DEBUG Logger               - Configured Logger
20:45:49.473 [main                     ] DEBUG GameApplication      - Logging settings
Title: Basic Game App
Version: 0.1
Width: 600
Height: 600
Fullscreen: false
Intro: false
Profiling: false
Single step:false
App Mode: DEVELOPER
Menu Key: ESCAPE
Stage Style: DECORATED
Scene Factory: class com.almasb.fxgl.app.scene.SceneFactory

20:45:50.500 [JavaFX Application Thread] DEBUG FXGLApplication      - Initializing FXGL
20:45:50.514 [JavaFX Application Thread] INFO  Engine               - FXGL-11.12 (11.12.2020 08.51) on WINDOWS (J:21.0.2 FX:21)
20:45:50.515 [JavaFX Application Thread] DEBUG Engine               - JRE Vendor Name: Oracle Corporation
20:45:50.516 [JavaFX Application Thread] DEBUG Engine               - Running on OS: Windows 11 version 10.0
20:45:50.516 [JavaFX Application Thread] DEBUG Engine               - Architecture: amd64
20:45:50.517 [JavaFX Application Thread] INFO  Engine               - Source code and latest versions at: https://github.com/AlmasB/FXGL
20:45:50.518 [JavaFX Application Thread] INFO  Engine               -              Join the FXGL chat at: https://gitter.im/AlmasB/FXGL
20:45:50.816 [JavaFX Application Thread] DEBUG MainWindow           - Creating a JavaFX scene
20:45:50.951 [JavaFX Application Thread] DEBUG MainWindow           - Target settings size: 600.0 x 600.0
20:45:50.951 [JavaFX Application Thread] DEBUG MainWindow           - Scaled scene size:    600.0 x 600.0
20:45:50.952 [JavaFX Application Thread] DEBUG MainWindow           - Scaled ratio: (1.0, 1.0)
20:45:50.954 [JavaFX Application Thread] DEBUG MainWindow           - Set initial scene to StartupScene
20:45:50.968 [JavaFX Application Thread] DEBUG MainWindow           - Opening main window
20:45:51.250 [JavaFX Application Thread] DEBUG MainWindow           - Window border size: (14.4000244140625, 37.5999755859375)
20:45:51.251 [JavaFX Application Thread] DEBUG MainWindow           - Scaled size: 600.0 x 600.0
20:45:51.251 [JavaFX Application Thread] DEBUG MainWindow           - Scaled ratio: (1.0, 1.0)
20:45:51.252 [JavaFX Application Thread] DEBUG MainWindow           - Scene size: 600.0 x 600.0
20:45:51.252 [JavaFX Application Thread] DEBUG MainWindow           - Stage size: 614.4000244140625 x 637.5999755859375
20:45:51.284 [FXGL Background Thread 1 ] DEBUG Engine               - Initializing environment variables
20:45:51.537 [FXGL Background Thread 1 ] DEBUG GameApplicationServi - Applying CSS: fxgl_dark.css
20:45:51.539 [FXGL Background Thread 1 ] DEBUG FXGLAssetLoaderServi - Loading from file system: /assets/ui/css/fxgl_dark.css
20:45:51.752 [FXGL Background Thread 1 ] DEBUG GameApplicationServi - Initializing application scenes
20:45:51.930 [FXGL Background Thread 1 ] DEBUG GameWorld            - Game world initialized
20:45:52.230 [FXGL Background Thread 1 ] DEBUG PhysicsWorld         - Physics world initialized: appHeight=600, physics.ppm=50.0
20:45:52.236 [FXGL Background Thread 1 ] DEBUG GameScene            - Game scene initialized: 600x600
20:45:52.331 [FXGL Background Thread 1 ] DEBUG FXGLAssetLoaderServi - Loading from file system: /assets/textures/particles/trace_horizontal.png
20:45:52.443 [FXGL Background Thread 1 ] WARN  FXGL.DefaultMenu     - FXGLDefaultMenu is not designed for resolutions < 800x600
20:45:52.444 [FXGL Background Thread 1 ] DEBUG FXGL.DefaultMenu     - createMenuBodyGameMenu()
20:45:52.492 [FXGL Background Thread 1 ] DEBUG FXGL.DefaultMenu     - createOptionsMenu()
20:45:52.513 [FXGL Background Thread 1 ] DEBUG FXGLAssetLoaderServi - Loading from file system: /assets/textures/particles/smoke.png
20:45:52.659 [FXGL Background Thread 1 ] DEBUG GameApplicationServi - Application scenes initialized
20:45:52.732 [FXGL Background Thread 1 ] DEBUG SystemBundleService  - Loading FXGL system data
20:45:52.749 [FXGL Background Thread 1 ] DEBUG FileSystemAccess     - Reading from: C:\Users\chowdhuryj\OneDrive - Milwaukee School of Engineering\Desktop\FXGL\system\fxgl.bundle
20:45:52.778 [FXGL Background Thread 1 ] DEBUG SystemBundleService  - Bundle FXGL: {}
20:45:52.778 [FXGL Background Thread 1 ] DEBUG UpdaterService       - Checking for updates
20:45:52.794 [FXGL Background Thread 4 ] DEBUG FXGLApplication      - Loading fonts
20:45:52.794 [FXGL Background Thread 4 ] DEBUG FXGLAssetLoaderServi - Loading from file system: /assets/ui/fonts/VarelaRound-Regular.ttf
20:45:52.796 [FXGL Background Thread 1 ] DEBUG FXGLApplication      - Loading default localization
20:45:52.797 [FXGL Background Thread 1 ] DEBUG FXGLAssetLoaderServi - Loading from file system: /assets/languages/english.lang
20:45:52.845 [FXGL Background Thread 1 ] INFO  FXGLApplication      - FXGL initialization took: 1.560 sec
20:45:52.869 [JavaFX Application Thread] DEBUG Input                - Registered new binding: action0 - D
20:45:52.870 [JavaFX Application Thread] DEBUG Input                - Registered new binding: action1 - A
20:45:52.871 [JavaFX Application Thread] DEBUG Input                - Registered new binding: action2 - W
20:45:52.873 [JavaFX Application Thread] DEBUG Input                - Registered new binding: action3 - S
20:45:52.874 [JavaFX Application Thread] DEBUG FXGLAssetLoaderServi - Loading from file system: /assets/textures/fxgl_icon.png
20:45:52.983 [JavaFX Application Thread] DEBUG FXGLAssetLoaderServi - Loading from file system: /assets/ui/cursors/fxgl_default.png
20:45:53.003 [JavaFX Application Thread] DEBUG Input                - Registered new binding: Screenshot - P
20:45:53.009 [JavaFX Application Thread] DEBUG Input                - Registered new binding: System info dump - CTRL+9
20:45:53.013 [JavaFX Application Thread] DEBUG Input                - Registered new binding: Restart - CTRL+R
20:45:53.019 [FXGL Background Thread 4 ] DEBUG FXGLAssetLoaderServi - Loading from file system: /assets/ui/fonts/Abel-Regular.ttf
20:45:53.022 [JavaFX Application Thread] DEBUG Input                - Registered new binding: Toggle Debug Camera - CTRL+C
20:45:53.031 [FXGL Background Thread 4 ] DEBUG FXGLAssetLoaderServi - Loading from file system: /assets/ui/fonts/lucida_console.ttf
20:45:53.034 [JavaFX Application Thread] DEBUG LoopRunner           - Starting loop
20:45:53.041 [JavaFX Application Thread] DEBUG GameApplicationServi - Starting new game
20:45:53.044 [JavaFX Application Thread] DEBUG Input                - Clearing active input actions
20:45:53.052 [FXGL Background Thread 4 ] DEBUG FXGLAssetLoaderServi - Loading from file system: /assets/ui/fonts/Courier-Prime.ttf
20:45:53.105 [JavaFX Application Thread] DEBUG GameApplicationServi - Removing overlay from StartupScene and adding to FXGLLoadingScene
20:45:53.106 [JavaFX Application Thread] DEBUG MainWindow           - StartupScene -> FXGLLoadingScene
20:45:53.106 [JavaFX Application Thread] DEBUG GameApplicationServi - Clearing previous game
20:45:53.106 [JavaFX Application Thread] DEBUG GameScene            - Clearing game scene
20:45:53.107 [JavaFX Application Thread] DEBUG GameWorld            - Clearing game world
20:45:53.107 [JavaFX Application Thread] DEBUG PhysicsWorld         - Clearing physics world
20:45:53.118 [FXGL Background Thread 4 ] DEBUG FXGLApplication      - Initializing game
20:45:53.142 [FXGL Background Thread 4 ] DEBUG FXGLAssetLoaderServi - Loading from file system: /assets/textures/brick.png
20:45:53.171 [FXGL Background Thread 4 ] DEBUG FXGLAssetLoaderServi - Loading from cache: /assets/textures/brick.png
20:45:53.176 [FXGL Background Thread 4 ] INFO  FXGLApplication      - Game initialization took: 0.058 sec
20:45:53.283 [JavaFX Application Thread] DEBUG FXGLApplication      - Registering font factories with UI factory
20:45:53.292 [JavaFX Application Thread] DEBUG Input                - Clearing active input actions
20:45:53.328 [JavaFX Application Thread] DEBUG GameApplicationServi - Removing overlay from FXGLLoadingScene and adding to GameScene
20:45:53.328 [JavaFX Application Thread] DEBUG MainWindow           - FXGLLoadingScene -> GameScene
20:45:54.404 [FXGL Background Thread 2 ] INFO  UpdaterService       - Your current version:  11.12
20:45:54.404 [FXGL Background Thread 2 ] INFO  UpdaterService       - Latest stable version: 21.1
20:45:55.789 [FXGL Background Thread 3 ] DEBUG Engine               - Logging environment variables
20:45:55.789 [FXGL Background Thread 3 ] DEBUG Engine               - achievements: []
20:45:55.789 [FXGL Background Thread 3 ] DEBUG Engine               - actualHeight: 600.0
20:45:55.789 [FXGL Background Thread 3 ] DEBUG Engine               - actualHeightProperty: ReadOnlyDoubleProperty [value: 600.0]
20:45:55.789 [FXGL Background Thread 3 ] DEBUG Engine               - actualWidth: 600.0
20:45:55.790 [FXGL Background Thread 3 ] DEBUG Engine               - actualWidthProperty: ReadOnlyDoubleProperty [value: 600.0]
20:45:55.790 [FXGL Background Thread 3 ] DEBUG Engine               - appIcon: fxgl_icon.png
20:45:55.790 [FXGL Background Thread 3 ] DEBUG Engine               - applicationMode: DEVELOPER
20:45:55.790 [FXGL Background Thread 3 ] DEBUG Engine               - cSSList: [fxgl_dark.css]
20:45:55.790 [FXGL Background Thread 3 ] DEBUG Engine               - configClass: Optional.empty
20:45:55.790 [FXGL Background Thread 3 ] DEBUG Engine               - credits: []
20:45:55.790 [FXGL Background Thread 3 ] DEBUG Engine               - devBBoxColorProperty: ObjectProperty [value: 0xff0000ff]
20:45:55.790 [FXGL Background Thread 3 ] DEBUG Engine               - devEnableDebugCameraProperty: BooleanProperty [value: false]
20:45:55.790 [FXGL Background Thread 3 ] DEBUG Engine               - devSensorColorProperty: ObjectProperty [value: 0xffff00ff]
20:45:55.790 [FXGL Background Thread 3 ] DEBUG Engine               - devShowBBoxProperty: BooleanProperty [value: false]
20:45:55.791 [FXGL Background Thread 3 ] DEBUG Engine               - devShowPositionProperty: BooleanProperty [value: false]
20:45:55.791 [FXGL Background Thread 3 ] DEBUG Engine               - enabledMenuItems: []
20:45:55.791 [FXGL Background Thread 3 ] DEBUG Engine               - engineServices: [class com.almasb.fxgl.app.FXGLApplication$GameApplicationService, class com.almasb.fxgl.app.services.FXGLDialogService, class com.almasb.fxgl.app.services.IOTaskExecutorService, class com.almasb.fxgl.event.EventBusService, class com.almasb.fxgl.io.FileSystemService, class com.almasb.fxgl.localization.LocalizationService, class com.almasb.fxgl.app.services.FXGLAssetLoaderService, class com.almasb.fxgl.app.services.SystemBundleService, class com.almasb.fxgl.profile.SaveLoadService, class com.almasb.fxgl.ui.FXGLUIFactoryServiceProvider, class com.almasb.fxgl.ui.FXGLDialogFactoryServiceProvider, class com.almasb.fxgl.audio.AudioPlayer, class com.almasb.fxgl.notification.impl.NotificationServiceProvider, class com.almasb.fxgl.achievement.AchievementService, class com.almasb.fxgl.cutscene.CutsceneService, class com.almasb.fxgl.minigames.MiniGameService, class com.almasb.fxgl.net.NetService, class com.almasb.fxgl.app.services.UpdaterService, class com.almasb.fxgl.dev.DevService]
20:45:55.791 [FXGL Background Thread 3 ] DEBUG Engine               - fontGame: Abel-Regular.ttf
20:45:55.791 [FXGL Background Thread 3 ] DEBUG Engine               - fontMono: lucida_console.ttf
20:45:55.791 [FXGL Background Thread 3 ] DEBUG Engine               - fontText: Courier-Prime.ttf
20:45:55.791 [FXGL Background Thread 3 ] DEBUG Engine               - fontUI: VarelaRound-Regular.ttf
20:45:55.791 [FXGL Background Thread 3 ] DEBUG Engine               - fullScreen: BooleanProperty [value: false]
20:45:55.791 [FXGL Background Thread 3 ] DEBUG Engine               - gameDifficulty: MEDIUM
20:45:55.791 [FXGL Background Thread 3 ] DEBUG Engine               - gameDifficultyProperty: ObjectProperty [value: MEDIUM]
20:45:55.791 [FXGL Background Thread 3 ] DEBUG Engine               - globalMusicVolume: 0.5
20:45:55.791 [FXGL Background Thread 3 ] DEBUG Engine               - globalMusicVolumeProperty: DoubleProperty [value: 0.5]
20:45:55.791 [FXGL Background Thread 3 ] DEBUG Engine               - globalSoundVolume: 0.5
20:45:55.791 [FXGL Background Thread 3 ] DEBUG Engine               - globalSoundVolumeProperty: DoubleProperty [value: 0.5]
20:45:55.791 [FXGL Background Thread 3 ] DEBUG Engine               - height: 600
20:45:55.791 [FXGL Background Thread 3 ] DEBUG Engine               - isAndroid: false
20:45:55.791 [FXGL Background Thread 3 ] DEBUG Engine               - isBrowser: false
20:45:55.791 [FXGL Background Thread 3 ] DEBUG Engine               - isClickFeedbackEnabled: false
20:45:55.791 [FXGL Background Thread 3 ] DEBUG Engine               - isCloseConfirmation: false
20:45:55.791 [FXGL Background Thread 3 ] DEBUG Engine               - isDesktop: true
20:45:55.791 [FXGL Background Thread 3 ] DEBUG Engine               - isDeveloperMenuEnabled: false
20:45:55.791 [FXGL Background Thread 3 ] DEBUG Engine               - isEntityPreloadEnabled: true
20:45:55.791 [FXGL Background Thread 3 ] DEBUG Engine               - isExperimental3D: false
20:45:55.792 [FXGL Background Thread 3 ] DEBUG Engine               - isExperimentalNative: false
20:45:55.792 [FXGL Background Thread 3 ] DEBUG Engine               - isExperimentalTiledLargeMap: false
20:45:55.792 [FXGL Background Thread 3 ] DEBUG Engine               - isFileSystemWriteAllowed: true
20:45:55.793 [FXGL Background Thread 3 ] DEBUG Engine               - isFullScreenAllowed: false
20:45:55.793 [FXGL Background Thread 3 ] DEBUG Engine               - isFullScreenFromStart: false
20:45:55.793 [FXGL Background Thread 3 ] DEBUG Engine               - isGameMenuEnabled: true
20:45:55.793 [FXGL Background Thread 3 ] DEBUG Engine               - isIOS: false
20:45:55.793 [FXGL Background Thread 3 ] DEBUG Engine               - isIntroEnabled: false
20:45:55.793 [FXGL Background Thread 3 ] DEBUG Engine               - isLinux: false
20:45:55.793 [FXGL Background Thread 3 ] DEBUG Engine               - isMac: false
20:45:55.793 [FXGL Background Thread 3 ] DEBUG Engine               - isMainMenuEnabled: false
20:45:55.793 [FXGL Background Thread 3 ] DEBUG Engine               - isManualResizeEnabled: false
20:45:55.793 [FXGL Background Thread 3 ] DEBUG Engine               - isMobile: false
20:45:55.793 [FXGL Background Thread 3 ] DEBUG Engine               - isPreserveResizeRatio: false
20:45:55.793 [FXGL Background Thread 3 ] DEBUG Engine               - isProfilingEnabled: false
20:45:55.793 [FXGL Background Thread 3 ] DEBUG Engine               - isScaleAffectedOnResize: true
20:45:55.793 [FXGL Background Thread 3 ] DEBUG Engine               - isSingleStep: false
20:45:55.793 [FXGL Background Thread 3 ] DEBUG Engine               - isUserProfileEnabled: false
20:45:55.794 [FXGL Background Thread 3 ] DEBUG Engine               - isWindows: true
20:45:55.794 [FXGL Background Thread 3 ] DEBUG Engine               - language: ObjectProperty [value: ENGLISH]
20:45:55.794 [FXGL Background Thread 3 ] DEBUG Engine               - menuKey: ESCAPE
20:45:55.794 [FXGL Background Thread 3 ] DEBUG Engine               - notificationViewClass: class com.almasb.fxgl.notification.view.XboxNotificationView
20:45:55.794 [FXGL Background Thread 3 ] DEBUG Engine               - pixelsPerMeter: 50.0
20:45:55.794 [FXGL Background Thread 3 ] DEBUG Engine               - platform: WINDOWS
20:45:55.794 [FXGL Background Thread 3 ] DEBUG Engine               - prefHeightProperty: ReadOnlyDoubleProperty [value: 600.0]
20:45:55.794 [FXGL Background Thread 3 ] DEBUG Engine               - prefWidthProperty: ReadOnlyDoubleProperty [value: 600.0]
20:45:55.794 [FXGL Background Thread 3 ] DEBUG Engine               - profileDir: profiles/
20:45:55.795 [FXGL Background Thread 3 ] DEBUG Engine               - profileName: StringProperty [value: DEFAULT]
20:45:55.795 [FXGL Background Thread 3 ] DEBUG Engine               - randomSeed: -1
20:45:55.795 [FXGL Background Thread 3 ] DEBUG Engine               - runtimeInfo: RuntimeInfo(platform=WINDOWS, version=11.12, build=11.12.2020 08.51)
20:45:55.795 [FXGL Background Thread 3 ] DEBUG Engine               - saveFileExt: sav
20:45:55.795 [FXGL Background Thread 3 ] DEBUG Engine               - scaledHeightProp$fxgl: DoubleProperty [bound, value: 600.0]
20:45:55.795 [FXGL Background Thread 3 ] DEBUG Engine               - scaledWidthProp$fxgl: DoubleProperty [bound, value: 600.0]
20:45:55.795 [FXGL Background Thread 3 ] DEBUG Engine               - sceneFactory: com.almasb.fxgl.app.scene.SceneFactory@36cfdc6
20:45:55.795 [FXGL Background Thread 3 ] DEBUG Engine               - secondsIn24h: 60
20:45:55.795 [FXGL Background Thread 3 ] DEBUG Engine               - soundMenuBack: menu/back.wav
20:45:55.795 [FXGL Background Thread 3 ] DEBUG Engine               - soundMenuPress: menu/press.wav
20:45:55.795 [FXGL Background Thread 3 ] DEBUG Engine               - soundMenuSelect: menu/select.wav
20:45:55.795 [FXGL Background Thread 3 ] DEBUG Engine               - soundNotification: core/notification.wav
20:45:55.795 [FXGL Background Thread 3 ] DEBUG Engine               - stageStyle: DECORATED
20:45:55.795 [FXGL Background Thread 3 ] DEBUG Engine               - supportedLanguages: [ENGLISH, FRENCH, GERMAN, HUNGARIAN, RUSSIAN]
20:45:55.795 [FXGL Background Thread 3 ] DEBUG Engine               - title: Basic Game App
20:45:55.795 [FXGL Background Thread 3 ] DEBUG Engine               - urlGithub: https://github.com/AlmasB/FXGL
20:45:55.795 [FXGL Background Thread 3 ] DEBUG Engine               - urlLeaderboard: http://fxgl-top.herokuapp.com/
20:45:55.795 [FXGL Background Thread 3 ] DEBUG Engine               - urlPOM: https://raw.githubusercontent.com/AlmasB/FXGL/master/README.md
20:45:55.795 [FXGL Background Thread 3 ] DEBUG Engine               - version: 0.1
20:45:55.795 [FXGL Background Thread 3 ] DEBUG Engine               - versionCheckDays: 7
20:45:55.795 [FXGL Background Thread 3 ] DEBUG Engine               - width: 600
20:45:55.795 [FXGL Background Thread 3 ] DEBUG Engine               - Logging services
20:45:55.795 [FXGL Background Thread 3 ] DEBUG Engine               - class com.almasb.fxgl.app.FXGLApplication$GameApplicationService
20:45:55.795 [FXGL Background Thread 3 ] DEBUG Engine               - class com.almasb.fxgl.app.services.FXGLDialogService
20:45:55.795 [FXGL Background Thread 3 ] DEBUG Engine               - class com.almasb.fxgl.app.services.IOTaskExecutorService
20:45:55.795 [FXGL Background Thread 3 ] DEBUG Engine               - class com.almasb.fxgl.event.EventBusService
20:45:55.795 [FXGL Background Thread 3 ] DEBUG Engine               - class com.almasb.fxgl.io.FileSystemService
20:45:55.795 [FXGL Background Thread 3 ] DEBUG Engine               - class com.almasb.fxgl.localization.LocalizationService
20:45:55.795 [FXGL Background Thread 3 ] DEBUG Engine               - class com.almasb.fxgl.app.services.FXGLAssetLoaderService
20:45:55.795 [FXGL Background Thread 3 ] DEBUG Engine               - class com.almasb.fxgl.app.services.SystemBundleService
20:45:55.795 [FXGL Background Thread 3 ] DEBUG Engine               - class com.almasb.fxgl.profile.SaveLoadService
20:45:55.795 [FXGL Background Thread 3 ] DEBUG Engine               - class com.almasb.fxgl.ui.FXGLUIFactoryServiceProvider
20:45:55.795 [FXGL Background Thread 3 ] DEBUG Engine               - class com.almasb.fxgl.ui.FXGLDialogFactoryServiceProvider
20:45:55.795 [FXGL Background Thread 3 ] DEBUG Engine               - class com.almasb.fxgl.audio.AudioPlayer
20:45:55.795 [FXGL Background Thread 3 ] DEBUG Engine               - class com.almasb.fxgl.notification.impl.NotificationServiceProvider
20:45:55.795 [FXGL Background Thread 3 ] DEBUG Engine               - class com.almasb.fxgl.achievement.AchievementService
20:45:55.796 [FXGL Background Thread 3 ] DEBUG Engine               - class com.almasb.fxgl.cutscene.CutsceneService
20:45:55.796 [FXGL Background Thread 3 ] DEBUG Engine               - class com.almasb.fxgl.minigames.MiniGameService
20:45:55.796 [FXGL Background Thread 3 ] DEBUG Engine               - class com.almasb.fxgl.net.NetService
20:45:55.796 [FXGL Background Thread 3 ] DEBUG Engine               - class com.almasb.fxgl.app.services.UpdaterService
20:45:55.796 [FXGL Background Thread 3 ] DEBUG Engine               - class com.almasb.fxgl.dev.DevService
20:46:03.403 [JavaFX Application Thread] DEBUG FXGLApplication      - Exiting FXGL
20:46:03.403 [JavaFX Application Thread] DEBUG LoopRunner           - Stopping loop
20:46:03.403 [JavaFX Application Thread] DEBUG SystemBundleService  - Saving FXGL system data
20:46:03.406 [JavaFX Application Thread] DEBUG FileSystemAccess     - Writing to: C:\Users\chowdhuryj\OneDrive - Milwaukee School of Engineering\Desktop\FXGL\system\fxgl.bundle
20:46:03.409 [JavaFX Application Thread] DEBUG Async                - Shutting down background threads
20:46:03.409 [JavaFX Application Thread] DEBUG MainWindow           - Closing main window
20:46:03.435 [JavaFX Application Thread] DEBUG Logger               - Closing Logger
