05:42:15.054 [main                     ] DEBUG Logger               - Configured Logger
05:42:15.069 [main                     ] DEBUG GameApplication      - Logging settings
Title: Pong
Version: 0.0
Width: 800
Height: 600
Fullscreen: false
Intro: false
Profiling: false
Single step:false
App Mode: DEVELOPER
Menu Key: ESCAPE
Stage Style: DECORATED
Scene Factory: class com.almasb.fxgl.app.scene.SceneFactory

05:42:16.194 [JavaFX Application Thread] DEBUG FXGLApplication      - Initializing FXGL
05:42:16.204 [JavaFX Application Thread] INFO  Engine               - FXGL-11.12 (11.12.2020 08.51) on WINDOWS (J:21.0.2 FX:21)
05:42:16.204 [JavaFX Application Thread] DEBUG Engine               - JRE Vendor Name: Oracle Corporation
05:42:16.205 [JavaFX Application Thread] DEBUG Engine               - Running on OS: Windows 11 version 10.0
05:42:16.205 [JavaFX Application Thread] DEBUG Engine               - Architecture: amd64
05:42:16.205 [JavaFX Application Thread] INFO  Engine               - Source code and latest versions at: https://github.com/AlmasB/FXGL
05:42:16.207 [JavaFX Application Thread] INFO  Engine               -              Join the FXGL chat at: https://gitter.im/AlmasB/FXGL
05:42:16.523 [JavaFX Application Thread] DEBUG MainWindow           - Creating a JavaFX scene
05:42:16.684 [JavaFX Application Thread] DEBUG MainWindow           - Target settings size: 800.0 x 600.0
05:42:16.685 [JavaFX Application Thread] DEBUG MainWindow           - Scaled scene size:    800.0 x 600.0
05:42:16.685 [JavaFX Application Thread] DEBUG MainWindow           - Scaled ratio: (1.0, 1.0)
05:42:16.688 [JavaFX Application Thread] DEBUG MainWindow           - Set initial scene to StartupScene
05:42:16.699 [JavaFX Application Thread] DEBUG MainWindow           - Opening main window
05:42:17.098 [JavaFX Application Thread] DEBUG MainWindow           - Window border size: (14.4000244140625, 37.5999755859375)
05:42:17.098 [JavaFX Application Thread] DEBUG MainWindow           - Scaled size: 800.0 x 600.0
05:42:17.098 [JavaFX Application Thread] DEBUG MainWindow           - Scaled ratio: (1.0, 1.0)
05:42:17.099 [JavaFX Application Thread] DEBUG MainWindow           - Scene size: 800.0 x 600.0
05:42:17.099 [JavaFX Application Thread] DEBUG MainWindow           - Stage size: 814.4000244140625 x 637.5999755859375
05:42:17.137 [FXGL Background Thread 1 ] DEBUG Engine               - Initializing environment variables
05:42:17.366 [FXGL Background Thread 1 ] DEBUG GameApplicationServi - Applying CSS: fxgl_dark.css
05:42:17.368 [FXGL Background Thread 1 ] DEBUG FXGLAssetLoaderServi - Loading from file system: /assets/ui/css/fxgl_dark.css
05:42:17.607 [FXGL Background Thread 1 ] DEBUG GameApplicationServi - Initializing application scenes
05:42:17.854 [FXGL Background Thread 1 ] DEBUG GameWorld            - Game world initialized
05:42:18.101 [FXGL Background Thread 1 ] DEBUG PhysicsWorld         - Physics world initialized: appHeight=600, physics.ppm=50.0
05:42:18.107 [FXGL Background Thread 1 ] DEBUG GameScene            - Game scene initialized: 800x600
05:42:18.222 [FXGL Background Thread 1 ] DEBUG FXGLAssetLoaderServi - Loading from file system: /assets/textures/particles/trace_horizontal.png
05:42:18.357 [FXGL Background Thread 1 ] DEBUG FXGL.DefaultMenu     - createMenuBodyGameMenu()
05:42:18.395 [FXGL Background Thread 1 ] DEBUG FXGL.DefaultMenu     - createOptionsMenu()
05:42:18.414 [FXGL Background Thread 1 ] DEBUG FXGLAssetLoaderServi - Loading from file system: /assets/textures/particles/smoke.png
05:42:18.559 [FXGL Background Thread 1 ] DEBUG GameApplicationServi - Application scenes initialized
05:42:18.637 [FXGL Background Thread 1 ] DEBUG SystemBundleService  - Loading FXGL system data
05:42:18.650 [FXGL Background Thread 1 ] DEBUG FileSystemAccess     - Reading from: C:\Users\chowdhuryj\OneDrive - Milwaukee School of Engineering\Desktop\FXGL\system\fxgl.bundle
05:42:18.678 [FXGL Background Thread 1 ] DEBUG SystemBundleService  - Bundle FXGL: {}
05:42:18.678 [FXGL Background Thread 1 ] DEBUG UpdaterService       - Checking for updates
05:42:18.694 [FXGL Background Thread 4 ] DEBUG FXGLApplication      - Loading fonts
05:42:18.694 [FXGL Background Thread 4 ] DEBUG FXGLAssetLoaderServi - Loading from file system: /assets/ui/fonts/VarelaRound-Regular.ttf
05:42:18.696 [FXGL Background Thread 1 ] DEBUG FXGLApplication      - Loading default localization
05:42:18.697 [FXGL Background Thread 1 ] DEBUG FXGLAssetLoaderServi - Loading from file system: /assets/languages/english.lang
05:42:18.747 [FXGL Background Thread 1 ] INFO  FXGLApplication      - FXGL initialization took: 1.610 sec
05:42:18.771 [JavaFX Application Thread] DEBUG Input                - Registered new binding: Up 1 - W
05:42:18.771 [JavaFX Application Thread] DEBUG Input                - Registered new binding: Down 1 - S
05:42:18.772 [JavaFX Application Thread] DEBUG Input                - Registered new binding: Up 2 - Up
05:42:18.773 [JavaFX Application Thread] DEBUG Input                - Registered new binding: Down 2 - Down
05:42:18.774 [JavaFX Application Thread] DEBUG FXGLAssetLoaderServi - Loading from file system: /assets/textures/fxgl_icon.png
05:42:18.898 [JavaFX Application Thread] DEBUG FXGLAssetLoaderServi - Loading from file system: /assets/ui/cursors/fxgl_default.png
05:42:18.920 [JavaFX Application Thread] DEBUG Input                - Registered new binding: Screenshot - P
05:42:18.924 [FXGL Background Thread 4 ] DEBUG FXGLAssetLoaderServi - Loading from file system: /assets/ui/fonts/Abel-Regular.ttf
05:42:18.924 [JavaFX Application Thread] DEBUG Input                - Registered new binding: System info dump - CTRL+9
05:42:18.929 [JavaFX Application Thread] DEBUG Input                - Registered new binding: Restart - CTRL+R
05:42:18.940 [JavaFX Application Thread] DEBUG Input                - Registered new binding: Toggle Debug Camera - CTRL+C
05:42:18.941 [FXGL Background Thread 4 ] DEBUG FXGLAssetLoaderServi - Loading from file system: /assets/ui/fonts/lucida_console.ttf
05:42:18.965 [JavaFX Application Thread] DEBUG LoopRunner           - Starting loop
05:42:18.970 [FXGL Background Thread 4 ] DEBUG FXGLAssetLoaderServi - Loading from file system: /assets/ui/fonts/Courier-Prime.ttf
05:42:18.973 [JavaFX Application Thread] DEBUG GameApplicationServi - Starting new game
05:42:18.976 [JavaFX Application Thread] DEBUG Input                - Clearing active input actions
05:42:19.064 [JavaFX Application Thread] DEBUG GameApplicationServi - Removing overlay from StartupScene and adding to FXGLLoadingScene
05:42:19.066 [JavaFX Application Thread] DEBUG MainWindow           - StartupScene -> FXGLLoadingScene
05:42:19.066 [JavaFX Application Thread] DEBUG GameApplicationServi - Clearing previous game
05:42:19.066 [JavaFX Application Thread] DEBUG GameScene            - Clearing game scene
05:42:19.067 [JavaFX Application Thread] DEBUG GameWorld            - Clearing game world
05:42:19.067 [JavaFX Application Thread] DEBUG PhysicsWorld         - Clearing physics world
05:42:19.077 [FXGL Background Thread 4 ] DEBUG FXGLApplication      - Initializing game
05:42:19.159 [FXGL Background Thread 4 ] INFO  FXGLApplication      - Game initialization took: 0.081 sec
05:42:19.249 [JavaFX Application Thread] DEBUG FXGLApplication      - Registering font factories with UI factory
05:42:19.257 [JavaFX Application Thread] DEBUG Input                - Clearing active input actions
05:42:19.279 [JavaFX Application Thread] DEBUG GameApplicationServi - Removing overlay from FXGLLoadingScene and adding to GameScene
05:42:19.280 [JavaFX Application Thread] DEBUG MainWindow           - FXGLLoadingScene -> GameScene
05:42:20.546 [FXGL Background Thread 2 ] INFO  UpdaterService       - Your current version:  11.12
05:42:20.547 [FXGL Background Thread 2 ] INFO  UpdaterService       - Latest stable version: 21.1
05:42:21.689 [FXGL Background Thread 3 ] DEBUG Engine               - Logging environment variables
05:42:21.689 [FXGL Background Thread 3 ] DEBUG Engine               - achievements: []
05:42:21.689 [FXGL Background Thread 3 ] DEBUG Engine               - actualHeight: 600.0
05:42:21.689 [FXGL Background Thread 3 ] DEBUG Engine               - actualHeightProperty: ReadOnlyDoubleProperty [value: 600.0]
05:42:21.689 [FXGL Background Thread 3 ] DEBUG Engine               - actualWidth: 800.0
05:42:21.690 [FXGL Background Thread 3 ] DEBUG Engine               - actualWidthProperty: ReadOnlyDoubleProperty [value: 800.0]
05:42:21.690 [FXGL Background Thread 3 ] DEBUG Engine               - appIcon: fxgl_icon.png
05:42:21.690 [FXGL Background Thread 3 ] DEBUG Engine               - applicationMode: DEVELOPER
05:42:21.690 [FXGL Background Thread 3 ] DEBUG Engine               - cSSList: [fxgl_dark.css]
05:42:21.690 [FXGL Background Thread 3 ] DEBUG Engine               - configClass: Optional.empty
05:42:21.690 [FXGL Background Thread 3 ] DEBUG Engine               - credits: []
05:42:21.691 [FXGL Background Thread 3 ] DEBUG Engine               - devBBoxColorProperty: ObjectProperty [value: 0xff0000ff]
05:42:21.692 [FXGL Background Thread 3 ] DEBUG Engine               - devEnableDebugCameraProperty: BooleanProperty [value: false]
05:42:21.693 [FXGL Background Thread 3 ] DEBUG Engine               - devSensorColorProperty: ObjectProperty [value: 0xffff00ff]
05:42:21.693 [FXGL Background Thread 3 ] DEBUG Engine               - devShowBBoxProperty: BooleanProperty [value: false]
05:42:21.693 [FXGL Background Thread 3 ] DEBUG Engine               - devShowPositionProperty: BooleanProperty [value: false]
05:42:21.693 [FXGL Background Thread 3 ] DEBUG Engine               - enabledMenuItems: []
05:42:21.693 [FXGL Background Thread 3 ] DEBUG Engine               - engineServices: [class com.almasb.fxgl.app.FXGLApplication$GameApplicationService, class com.almasb.fxgl.app.services.FXGLDialogService, class com.almasb.fxgl.app.services.IOTaskExecutorService, class com.almasb.fxgl.event.EventBusService, class com.almasb.fxgl.io.FileSystemService, class com.almasb.fxgl.localization.LocalizationService, class com.almasb.fxgl.app.services.FXGLAssetLoaderService, class com.almasb.fxgl.app.services.SystemBundleService, class com.almasb.fxgl.profile.SaveLoadService, class com.almasb.fxgl.ui.FXGLUIFactoryServiceProvider, class com.almasb.fxgl.ui.FXGLDialogFactoryServiceProvider, class com.almasb.fxgl.audio.AudioPlayer, class com.almasb.fxgl.notification.impl.NotificationServiceProvider, class com.almasb.fxgl.achievement.AchievementService, class com.almasb.fxgl.cutscene.CutsceneService, class com.almasb.fxgl.minigames.MiniGameService, class com.almasb.fxgl.net.NetService, class com.almasb.fxgl.app.services.UpdaterService, class com.almasb.fxgl.dev.DevService]
05:42:21.693 [FXGL Background Thread 3 ] DEBUG Engine               - fontGame: Abel-Regular.ttf
05:42:21.693 [FXGL Background Thread 3 ] DEBUG Engine               - fontMono: lucida_console.ttf
05:42:21.693 [FXGL Background Thread 3 ] DEBUG Engine               - fontText: Courier-Prime.ttf
05:42:21.693 [FXGL Background Thread 3 ] DEBUG Engine               - fontUI: VarelaRound-Regular.ttf
05:42:21.694 [FXGL Background Thread 3 ] DEBUG Engine               - fullScreen: BooleanProperty [value: false]
05:42:21.694 [FXGL Background Thread 3 ] DEBUG Engine               - gameDifficulty: MEDIUM
05:42:21.694 [FXGL Background Thread 3 ] DEBUG Engine               - gameDifficultyProperty: ObjectProperty [value: MEDIUM]
05:42:21.694 [FXGL Background Thread 3 ] DEBUG Engine               - globalMusicVolume: 0.5
05:42:21.694 [FXGL Background Thread 3 ] DEBUG Engine               - globalMusicVolumeProperty: DoubleProperty [value: 0.5]
05:42:21.694 [FXGL Background Thread 3 ] DEBUG Engine               - globalSoundVolume: 0.5
05:42:21.694 [FXGL Background Thread 3 ] DEBUG Engine               - globalSoundVolumeProperty: DoubleProperty [value: 0.5]
05:42:21.694 [FXGL Background Thread 3 ] DEBUG Engine               - height: 600
05:42:21.694 [FXGL Background Thread 3 ] DEBUG Engine               - isAndroid: false
05:42:21.694 [FXGL Background Thread 3 ] DEBUG Engine               - isBrowser: false
05:42:21.695 [FXGL Background Thread 3 ] DEBUG Engine               - isClickFeedbackEnabled: false
05:42:21.695 [FXGL Background Thread 3 ] DEBUG Engine               - isCloseConfirmation: false
05:42:21.695 [FXGL Background Thread 3 ] DEBUG Engine               - isDesktop: true
05:42:21.695 [FXGL Background Thread 3 ] DEBUG Engine               - isDeveloperMenuEnabled: false
05:42:21.695 [FXGL Background Thread 3 ] DEBUG Engine               - isEntityPreloadEnabled: true
05:42:21.695 [FXGL Background Thread 3 ] DEBUG Engine               - isExperimental3D: false
05:42:21.695 [FXGL Background Thread 3 ] DEBUG Engine               - isExperimentalNative: false
05:42:21.695 [FXGL Background Thread 3 ] DEBUG Engine               - isExperimentalTiledLargeMap: false
05:42:21.695 [FXGL Background Thread 3 ] DEBUG Engine               - isFileSystemWriteAllowed: true
05:42:21.696 [FXGL Background Thread 3 ] DEBUG Engine               - isFullScreenAllowed: false
05:42:21.696 [FXGL Background Thread 3 ] DEBUG Engine               - isFullScreenFromStart: false
05:42:21.696 [FXGL Background Thread 3 ] DEBUG Engine               - isGameMenuEnabled: true
05:42:21.696 [FXGL Background Thread 3 ] DEBUG Engine               - isIOS: false
05:42:21.696 [FXGL Background Thread 3 ] DEBUG Engine               - isIntroEnabled: false
05:42:21.696 [FXGL Background Thread 3 ] DEBUG Engine               - isLinux: false
05:42:21.696 [FXGL Background Thread 3 ] DEBUG Engine               - isMac: false
05:42:21.696 [FXGL Background Thread 3 ] DEBUG Engine               - isMainMenuEnabled: false
05:42:21.697 [FXGL Background Thread 3 ] DEBUG Engine               - isManualResizeEnabled: false
05:42:21.697 [FXGL Background Thread 3 ] DEBUG Engine               - isMobile: false
05:42:21.697 [FXGL Background Thread 3 ] DEBUG Engine               - isPreserveResizeRatio: false
05:42:21.697 [FXGL Background Thread 3 ] DEBUG Engine               - isProfilingEnabled: false
05:42:21.697 [FXGL Background Thread 3 ] DEBUG Engine               - isScaleAffectedOnResize: true
05:42:21.697 [FXGL Background Thread 3 ] DEBUG Engine               - isSingleStep: false
05:42:21.697 [FXGL Background Thread 3 ] DEBUG Engine               - isUserProfileEnabled: false
05:42:21.697 [FXGL Background Thread 3 ] DEBUG Engine               - isWindows: true
05:42:21.698 [FXGL Background Thread 3 ] DEBUG Engine               - language: ObjectProperty [value: ENGLISH]
05:42:21.699 [FXGL Background Thread 3 ] DEBUG Engine               - menuKey: ESCAPE
05:42:21.699 [FXGL Background Thread 3 ] DEBUG Engine               - notificationViewClass: class com.almasb.fxgl.notification.view.XboxNotificationView
05:42:21.699 [FXGL Background Thread 3 ] DEBUG Engine               - pixelsPerMeter: 50.0
05:42:21.699 [FXGL Background Thread 3 ] DEBUG Engine               - platform: WINDOWS
05:42:21.699 [FXGL Background Thread 3 ] DEBUG Engine               - prefHeightProperty: ReadOnlyDoubleProperty [value: 600.0]
05:42:21.699 [FXGL Background Thread 3 ] DEBUG Engine               - prefWidthProperty: ReadOnlyDoubleProperty [value: 800.0]
05:42:21.699 [FXGL Background Thread 3 ] DEBUG Engine               - profileDir: profiles/
05:42:21.699 [FXGL Background Thread 3 ] DEBUG Engine               - profileName: StringProperty [value: DEFAULT]
05:42:21.699 [FXGL Background Thread 3 ] DEBUG Engine               - randomSeed: -1
05:42:21.699 [FXGL Background Thread 3 ] DEBUG Engine               - runtimeInfo: RuntimeInfo(platform=WINDOWS, version=11.12, build=11.12.2020 08.51)
05:42:21.699 [FXGL Background Thread 3 ] DEBUG Engine               - saveFileExt: sav
05:42:21.699 [FXGL Background Thread 3 ] DEBUG Engine               - scaledHeightProp$fxgl: DoubleProperty [bound, value: 600.0]
05:42:21.700 [FXGL Background Thread 3 ] DEBUG Engine               - scaledWidthProp$fxgl: DoubleProperty [bound, value: 800.0]
05:42:21.700 [FXGL Background Thread 3 ] DEBUG Engine               - sceneFactory: com.almasb.fxgl.app.scene.SceneFactory@2633410c
05:42:21.700 [FXGL Background Thread 3 ] DEBUG Engine               - secondsIn24h: 60
05:42:21.700 [FXGL Background Thread 3 ] DEBUG Engine               - soundMenuBack: menu/back.wav
05:42:21.700 [FXGL Background Thread 3 ] DEBUG Engine               - soundMenuPress: menu/press.wav
05:42:21.700 [FXGL Background Thread 3 ] DEBUG Engine               - soundMenuSelect: menu/select.wav
05:42:21.700 [FXGL Background Thread 3 ] DEBUG Engine               - soundNotification: core/notification.wav
05:42:21.700 [FXGL Background Thread 3 ] DEBUG Engine               - stageStyle: DECORATED
05:42:21.700 [FXGL Background Thread 3 ] DEBUG Engine               - supportedLanguages: [ENGLISH, FRENCH, GERMAN, HUNGARIAN, RUSSIAN]
05:42:21.700 [FXGL Background Thread 3 ] DEBUG Engine               - title: Pong
05:42:21.700 [FXGL Background Thread 3 ] DEBUG Engine               - urlGithub: https://github.com/AlmasB/FXGL
05:42:21.700 [FXGL Background Thread 3 ] DEBUG Engine               - urlLeaderboard: http://fxgl-top.herokuapp.com/
05:42:21.700 [FXGL Background Thread 3 ] DEBUG Engine               - urlPOM: https://raw.githubusercontent.com/AlmasB/FXGL/master/README.md
05:42:21.700 [FXGL Background Thread 3 ] DEBUG Engine               - version: 0.0
05:42:21.700 [FXGL Background Thread 3 ] DEBUG Engine               - versionCheckDays: 7
05:42:21.700 [FXGL Background Thread 3 ] DEBUG Engine               - width: 800
05:42:21.700 [FXGL Background Thread 3 ] DEBUG Engine               - Logging services
05:42:21.700 [FXGL Background Thread 3 ] DEBUG Engine               - class com.almasb.fxgl.app.FXGLApplication$GameApplicationService
05:42:21.700 [FXGL Background Thread 3 ] DEBUG Engine               - class com.almasb.fxgl.app.services.FXGLDialogService
05:42:21.700 [FXGL Background Thread 3 ] DEBUG Engine               - class com.almasb.fxgl.app.services.IOTaskExecutorService
05:42:21.700 [FXGL Background Thread 3 ] DEBUG Engine               - class com.almasb.fxgl.event.EventBusService
05:42:21.700 [FXGL Background Thread 3 ] DEBUG Engine               - class com.almasb.fxgl.io.FileSystemService
05:42:21.700 [FXGL Background Thread 3 ] DEBUG Engine               - class com.almasb.fxgl.localization.LocalizationService
05:42:21.700 [FXGL Background Thread 3 ] DEBUG Engine               - class com.almasb.fxgl.app.services.FXGLAssetLoaderService
05:42:21.700 [FXGL Background Thread 3 ] DEBUG Engine               - class com.almasb.fxgl.app.services.SystemBundleService
05:42:21.700 [FXGL Background Thread 3 ] DEBUG Engine               - class com.almasb.fxgl.profile.SaveLoadService
05:42:21.700 [FXGL Background Thread 3 ] DEBUG Engine               - class com.almasb.fxgl.ui.FXGLUIFactoryServiceProvider
05:42:21.700 [FXGL Background Thread 3 ] DEBUG Engine               - class com.almasb.fxgl.ui.FXGLDialogFactoryServiceProvider
05:42:21.700 [FXGL Background Thread 3 ] DEBUG Engine               - class com.almasb.fxgl.audio.AudioPlayer
05:42:21.701 [FXGL Background Thread 3 ] DEBUG Engine               - class com.almasb.fxgl.notification.impl.NotificationServiceProvider
05:42:21.701 [FXGL Background Thread 3 ] DEBUG Engine               - class com.almasb.fxgl.achievement.AchievementService
05:42:21.701 [FXGL Background Thread 3 ] DEBUG Engine               - class com.almasb.fxgl.cutscene.CutsceneService
05:42:21.701 [FXGL Background Thread 3 ] DEBUG Engine               - class com.almasb.fxgl.minigames.MiniGameService
05:42:21.701 [FXGL Background Thread 3 ] DEBUG Engine               - class com.almasb.fxgl.net.NetService
05:42:21.701 [FXGL Background Thread 3 ] DEBUG Engine               - class com.almasb.fxgl.app.services.UpdaterService
05:42:21.701 [FXGL Background Thread 3 ] DEBUG Engine               - class com.almasb.fxgl.dev.DevService
05:42:40.842 [JavaFX Application Thread] DEBUG FXGLApplication      - Exiting FXGL
05:42:40.842 [JavaFX Application Thread] DEBUG LoopRunner           - Stopping loop
05:42:40.842 [JavaFX Application Thread] DEBUG SystemBundleService  - Saving FXGL system data
05:42:40.846 [JavaFX Application Thread] DEBUG FileSystemAccess     - Writing to: C:\Users\chowdhuryj\OneDrive - Milwaukee School of Engineering\Desktop\FXGL\system\fxgl.bundle
05:42:40.849 [JavaFX Application Thread] DEBUG Async                - Shutting down background threads
05:42:40.850 [JavaFX Application Thread] DEBUG MainWindow           - Closing main window
05:42:40.896 [JavaFX Application Thread] DEBUG Logger               - Closing Logger
