04:53:26.825 [main                     ] DEBUG Logger               - Configured Logger
04:53:26.837 [main                     ] DEBUG GameApplication      - Logging settings
Title: Untitled
Version: 0.0
Width: 800
Height: 600
Fullscreen: false
Intro: false
Profiling: false
Single step:false
App Mode: DEVELOPER
Menu Key: ESCAPE
Stage Style: DECORATED
Scene Factory: class com.almasb.fxgl.app.scene.SceneFactory

04:53:28.716 [JavaFX Application Thread] DEBUG FXGLApplication      - Initializing FXGL
04:53:28.722 [JavaFX Application Thread] INFO  Engine               - FXGL-11.12 (11.12.2020 08.51) on WINDOWS (J:21.0.2 FX:21)
04:53:28.725 [JavaFX Application Thread] DEBUG Engine               - JRE Vendor Name: Oracle Corporation
04:53:28.726 [JavaFX Application Thread] DEBUG Engine               - Running on OS: Windows 11 version 10.0
04:53:28.727 [JavaFX Application Thread] DEBUG Engine               - Architecture: amd64
04:53:28.729 [JavaFX Application Thread] INFO  Engine               - Source code and latest versions at: https://github.com/AlmasB/FXGL
04:53:28.730 [JavaFX Application Thread] INFO  Engine               -              Join the FXGL chat at: https://gitter.im/AlmasB/FXGL
04:53:29.114 [JavaFX Application Thread] DEBUG MainWindow           - Creating a JavaFX scene
04:53:29.491 [JavaFX Application Thread] DEBUG MainWindow           - Target settings size: 800.0 x 600.0
04:53:29.491 [JavaFX Application Thread] DEBUG MainWindow           - Scaled scene size:    800.0 x 600.0
04:53:29.492 [JavaFX Application Thread] DEBUG MainWindow           - Scaled ratio: (1.0, 1.0)
04:53:29.495 [JavaFX Application Thread] DEBUG MainWindow           - Set initial scene to StartupScene
04:53:29.507 [JavaFX Application Thread] DEBUG MainWindow           - Opening main window
04:53:30.085 [JavaFX Application Thread] DEBUG MainWindow           - Window border size: (14.4000244140625, 37.5999755859375)
04:53:30.085 [JavaFX Application Thread] DEBUG MainWindow           - Scaled size: 800.0 x 600.0
04:53:30.086 [JavaFX Application Thread] DEBUG MainWindow           - Scaled ratio: (1.0, 1.0)
04:53:30.088 [JavaFX Application Thread] DEBUG MainWindow           - Scene size: 800.0 x 600.0
04:53:30.089 [JavaFX Application Thread] DEBUG MainWindow           - Stage size: 814.4000244140625 x 637.5999755859375
04:53:30.176 [FXGL Background Thread 1 ] DEBUG Engine               - Initializing environment variables
04:53:30.453 [FXGL Background Thread 1 ] DEBUG GameApplicationServi - Applying CSS: fxgl_dark.css
04:53:30.456 [FXGL Background Thread 1 ] DEBUG FXGLAssetLoaderServi - Loading from file system: /assets/ui/css/fxgl_dark.css
04:53:30.699 [FXGL Background Thread 1 ] DEBUG GameApplicationServi - Initializing application scenes
04:53:31.181 [FXGL Background Thread 1 ] DEBUG GameWorld            - Game world initialized
04:53:31.399 [FXGL Background Thread 1 ] DEBUG PhysicsWorld         - Physics world initialized: appHeight=600, physics.ppm=50.0
04:53:31.406 [FXGL Background Thread 1 ] DEBUG GameScene            - Game scene initialized: 800x600
04:53:31.546 [FXGL Background Thread 1 ] DEBUG FXGLAssetLoaderServi - Loading from file system: /assets/textures/particles/trace_horizontal.png
04:53:31.729 [FXGL Background Thread 1 ] DEBUG FXGL.DefaultMenu     - createMenuBodyGameMenu()
04:53:31.796 [FXGL Background Thread 1 ] DEBUG FXGL.DefaultMenu     - createOptionsMenu()
04:53:31.817 [FXGL Background Thread 1 ] DEBUG FXGLAssetLoaderServi - Loading from file system: /assets/textures/particles/smoke.png
04:53:31.999 [FXGL Background Thread 1 ] DEBUG GameApplicationServi - Application scenes initialized
04:53:32.062 [FXGL Background Thread 1 ] DEBUG SystemBundleService  - Loading FXGL system data
04:53:32.078 [FXGL Background Thread 1 ] DEBUG FileSystemAccess     - Reading from: C:\Users\chowdhuryj\OneDrive - Milwaukee School of Engineering\Desktop\FXGL\system\fxgl.bundle
04:53:32.097 [FXGL Background Thread 1 ] DEBUG SystemBundleService  - Bundle FXGL: {}
04:53:32.097 [FXGL Background Thread 1 ] DEBUG UpdaterService       - Checking for updates
04:53:32.113 [FXGL Background Thread 4 ] DEBUG FXGLApplication      - Loading fonts
04:53:32.114 [FXGL Background Thread 4 ] DEBUG FXGLAssetLoaderServi - Loading from file system: /assets/ui/fonts/VarelaRound-Regular.ttf
04:53:32.116 [FXGL Background Thread 1 ] DEBUG FXGLApplication      - Loading default localization
04:53:32.117 [FXGL Background Thread 1 ] DEBUG FXGLAssetLoaderServi - Loading from file system: /assets/languages/english.lang
04:53:32.171 [FXGL Background Thread 1 ] INFO  FXGLApplication      - FXGL initialization took: 1.995 sec
04:53:32.204 [JavaFX Application Thread] DEBUG Input                - Registered new binding: Right - D
04:53:32.204 [JavaFX Application Thread] DEBUG Input                - Registered new binding: Left - A
04:53:32.205 [JavaFX Application Thread] DEBUG FXGLAssetLoaderServi - Loading from file system: /assets/textures/fxgl_icon.png
04:53:32.372 [JavaFX Application Thread] DEBUG FXGLAssetLoaderServi - Loading from file system: /assets/ui/cursors/fxgl_default.png
04:53:32.400 [FXGL Background Thread 4 ] DEBUG FXGLAssetLoaderServi - Loading from file system: /assets/ui/fonts/Abel-Regular.ttf
04:53:32.401 [JavaFX Application Thread] DEBUG Input                - Registered new binding: Screenshot - P
04:53:32.408 [JavaFX Application Thread] DEBUG Input                - Registered new binding: System info dump - CTRL+9
04:53:32.413 [JavaFX Application Thread] DEBUG Input                - Registered new binding: Restart - CTRL+R
04:53:32.423 [FXGL Background Thread 4 ] DEBUG FXGLAssetLoaderServi - Loading from file system: /assets/ui/fonts/lucida_console.ttf
04:53:32.423 [JavaFX Application Thread] DEBUG Input                - Registered new binding: Toggle Debug Camera - CTRL+C
04:53:32.458 [FXGL Background Thread 4 ] DEBUG FXGLAssetLoaderServi - Loading from file system: /assets/ui/fonts/Courier-Prime.ttf
04:53:32.468 [JavaFX Application Thread] DEBUG LoopRunner           - Starting loop
04:53:32.483 [JavaFX Application Thread] DEBUG GameApplicationServi - Starting new game
04:53:32.487 [JavaFX Application Thread] DEBUG Input                - Clearing active input actions
04:53:32.557 [JavaFX Application Thread] DEBUG GameApplicationServi - Removing overlay from StartupScene and adding to FXGLLoadingScene
04:53:32.558 [JavaFX Application Thread] DEBUG MainWindow           - StartupScene -> FXGLLoadingScene
04:53:32.559 [JavaFX Application Thread] DEBUG GameApplicationServi - Clearing previous game
04:53:32.559 [JavaFX Application Thread] DEBUG GameScene            - Clearing game scene
04:53:32.559 [JavaFX Application Thread] DEBUG GameWorld            - Clearing game world
04:53:32.560 [JavaFX Application Thread] DEBUG PhysicsWorld         - Clearing physics world
04:53:32.565 [FXGL Background Thread 4 ] DEBUG FXGLApplication      - Initializing game
04:53:32.597 [FXGL Background Thread 4 ] DEBUG FXGLAssetLoaderServi - Loading from file system: /assets/textures/newdude.png
04:53:32.616 [FXGL Background Thread 4 ] DEBUG FXGLAssetLoaderServi - Loading from cache: /assets/textures/newdude.png
04:53:32.665 [FXGL Background Thread 4 ] INFO  FXGLApplication      - Game initialization took: 0.101 sec
04:53:32.749 [JavaFX Application Thread] DEBUG FXGLApplication      - Registering font factories with UI factory
04:53:32.758 [JavaFX Application Thread] DEBUG Input                - Clearing active input actions
04:53:32.789 [JavaFX Application Thread] DEBUG GameApplicationServi - Removing overlay from FXGLLoadingScene and adding to GameScene
04:53:32.790 [JavaFX Application Thread] DEBUG MainWindow           - FXGLLoadingScene -> GameScene
04:53:34.131 [FXGL Background Thread 2 ] INFO  UpdaterService       - Your current version:  11.12
04:53:34.131 [FXGL Background Thread 2 ] INFO  UpdaterService       - Latest stable version: 21.1
04:53:35.108 [FXGL Background Thread 3 ] DEBUG Engine               - Logging environment variables
04:53:35.109 [FXGL Background Thread 3 ] DEBUG Engine               - achievements: []
04:53:35.109 [FXGL Background Thread 3 ] DEBUG Engine               - actualHeight: 600.0
04:53:35.110 [FXGL Background Thread 3 ] DEBUG Engine               - actualHeightProperty: ReadOnlyDoubleProperty [value: 600.0]
04:53:35.110 [FXGL Background Thread 3 ] DEBUG Engine               - actualWidth: 800.0
04:53:35.110 [FXGL Background Thread 3 ] DEBUG Engine               - actualWidthProperty: ReadOnlyDoubleProperty [value: 800.0]
04:53:35.110 [FXGL Background Thread 3 ] DEBUG Engine               - appIcon: fxgl_icon.png
04:53:35.111 [FXGL Background Thread 3 ] DEBUG Engine               - applicationMode: DEVELOPER
04:53:35.111 [FXGL Background Thread 3 ] DEBUG Engine               - cSSList: [fxgl_dark.css]
04:53:35.111 [FXGL Background Thread 3 ] DEBUG Engine               - configClass: Optional.empty
04:53:35.111 [FXGL Background Thread 3 ] DEBUG Engine               - credits: []
04:53:35.112 [FXGL Background Thread 3 ] DEBUG Engine               - devBBoxColorProperty: ObjectProperty [value: 0xff0000ff]
04:53:35.112 [FXGL Background Thread 3 ] DEBUG Engine               - devEnableDebugCameraProperty: BooleanProperty [value: false]
04:53:35.113 [FXGL Background Thread 3 ] DEBUG Engine               - devSensorColorProperty: ObjectProperty [value: 0xffff00ff]
04:53:35.113 [FXGL Background Thread 3 ] DEBUG Engine               - devShowBBoxProperty: BooleanProperty [value: false]
04:53:35.114 [FXGL Background Thread 3 ] DEBUG Engine               - devShowPositionProperty: BooleanProperty [value: false]
04:53:35.114 [FXGL Background Thread 3 ] DEBUG Engine               - enabledMenuItems: []
04:53:35.114 [FXGL Background Thread 3 ] DEBUG Engine               - engineServices: [class com.almasb.fxgl.app.FXGLApplication$GameApplicationService, class com.almasb.fxgl.app.services.FXGLDialogService, class com.almasb.fxgl.app.services.IOTaskExecutorService, class com.almasb.fxgl.event.EventBusService, class com.almasb.fxgl.io.FileSystemService, class com.almasb.fxgl.localization.LocalizationService, class com.almasb.fxgl.app.services.FXGLAssetLoaderService, class com.almasb.fxgl.app.services.SystemBundleService, class com.almasb.fxgl.profile.SaveLoadService, class com.almasb.fxgl.ui.FXGLUIFactoryServiceProvider, class com.almasb.fxgl.ui.FXGLDialogFactoryServiceProvider, class com.almasb.fxgl.audio.AudioPlayer, class com.almasb.fxgl.notification.impl.NotificationServiceProvider, class com.almasb.fxgl.achievement.AchievementService, class com.almasb.fxgl.cutscene.CutsceneService, class com.almasb.fxgl.minigames.MiniGameService, class com.almasb.fxgl.net.NetService, class com.almasb.fxgl.app.services.UpdaterService, class com.almasb.fxgl.dev.DevService]
04:53:35.114 [FXGL Background Thread 3 ] DEBUG Engine               - fontGame: Abel-Regular.ttf
04:53:35.115 [FXGL Background Thread 3 ] DEBUG Engine               - fontMono: lucida_console.ttf
04:53:35.115 [FXGL Background Thread 3 ] DEBUG Engine               - fontText: Courier-Prime.ttf
04:53:35.115 [FXGL Background Thread 3 ] DEBUG Engine               - fontUI: VarelaRound-Regular.ttf
04:53:35.115 [FXGL Background Thread 3 ] DEBUG Engine               - fullScreen: BooleanProperty [value: false]
04:53:35.115 [FXGL Background Thread 3 ] DEBUG Engine               - gameDifficulty: MEDIUM
04:53:35.115 [FXGL Background Thread 3 ] DEBUG Engine               - gameDifficultyProperty: ObjectProperty [value: MEDIUM]
04:53:35.116 [FXGL Background Thread 3 ] DEBUG Engine               - globalMusicVolume: 0.5
04:53:35.116 [FXGL Background Thread 3 ] DEBUG Engine               - globalMusicVolumeProperty: DoubleProperty [value: 0.5]
04:53:35.116 [FXGL Background Thread 3 ] DEBUG Engine               - globalSoundVolume: 0.5
04:53:35.116 [FXGL Background Thread 3 ] DEBUG Engine               - globalSoundVolumeProperty: DoubleProperty [value: 0.5]
04:53:35.116 [FXGL Background Thread 3 ] DEBUG Engine               - height: 600
04:53:35.117 [FXGL Background Thread 3 ] DEBUG Engine               - isAndroid: false
04:53:35.117 [FXGL Background Thread 3 ] DEBUG Engine               - isBrowser: false
04:53:35.117 [FXGL Background Thread 3 ] DEBUG Engine               - isClickFeedbackEnabled: false
04:53:35.117 [FXGL Background Thread 3 ] DEBUG Engine               - isCloseConfirmation: false
04:53:35.117 [FXGL Background Thread 3 ] DEBUG Engine               - isDesktop: true
04:53:35.118 [FXGL Background Thread 3 ] DEBUG Engine               - isDeveloperMenuEnabled: false
04:53:35.118 [FXGL Background Thread 3 ] DEBUG Engine               - isEntityPreloadEnabled: true
04:53:35.118 [FXGL Background Thread 3 ] DEBUG Engine               - isExperimental3D: false
04:53:35.118 [FXGL Background Thread 3 ] DEBUG Engine               - isExperimentalNative: false
04:53:35.118 [FXGL Background Thread 3 ] DEBUG Engine               - isExperimentalTiledLargeMap: false
04:53:35.118 [FXGL Background Thread 3 ] DEBUG Engine               - isFileSystemWriteAllowed: true
04:53:35.119 [FXGL Background Thread 3 ] DEBUG Engine               - isFullScreenAllowed: false
04:53:35.119 [FXGL Background Thread 3 ] DEBUG Engine               - isFullScreenFromStart: false
04:53:35.120 [FXGL Background Thread 3 ] DEBUG Engine               - isGameMenuEnabled: true
04:53:35.120 [FXGL Background Thread 3 ] DEBUG Engine               - isIOS: false
04:53:35.120 [FXGL Background Thread 3 ] DEBUG Engine               - isIntroEnabled: false
04:53:35.120 [FXGL Background Thread 3 ] DEBUG Engine               - isLinux: false
04:53:35.120 [FXGL Background Thread 3 ] DEBUG Engine               - isMac: false
04:53:35.121 [FXGL Background Thread 3 ] DEBUG Engine               - isMainMenuEnabled: false
04:53:35.121 [FXGL Background Thread 3 ] DEBUG Engine               - isManualResizeEnabled: false
04:53:35.121 [FXGL Background Thread 3 ] DEBUG Engine               - isMobile: false
04:53:35.121 [FXGL Background Thread 3 ] DEBUG Engine               - isPreserveResizeRatio: false
04:53:35.121 [FXGL Background Thread 3 ] DEBUG Engine               - isProfilingEnabled: false
04:53:35.121 [FXGL Background Thread 3 ] DEBUG Engine               - isScaleAffectedOnResize: true
04:53:35.121 [FXGL Background Thread 3 ] DEBUG Engine               - isSingleStep: false
04:53:35.122 [FXGL Background Thread 3 ] DEBUG Engine               - isUserProfileEnabled: false
04:53:35.122 [FXGL Background Thread 3 ] DEBUG Engine               - isWindows: true
04:53:35.122 [FXGL Background Thread 3 ] DEBUG Engine               - language: ObjectProperty [value: ENGLISH]
04:53:35.122 [FXGL Background Thread 3 ] DEBUG Engine               - menuKey: ESCAPE
04:53:35.124 [FXGL Background Thread 3 ] DEBUG Engine               - notificationViewClass: class com.almasb.fxgl.notification.view.XboxNotificationView
04:53:35.124 [FXGL Background Thread 3 ] DEBUG Engine               - pixelsPerMeter: 50.0
04:53:35.125 [FXGL Background Thread 3 ] DEBUG Engine               - platform: WINDOWS
04:53:35.125 [FXGL Background Thread 3 ] DEBUG Engine               - prefHeightProperty: ReadOnlyDoubleProperty [value: 600.0]
04:53:35.125 [FXGL Background Thread 3 ] DEBUG Engine               - prefWidthProperty: ReadOnlyDoubleProperty [value: 800.0]
04:53:35.125 [FXGL Background Thread 3 ] DEBUG Engine               - profileDir: profiles/
04:53:35.126 [FXGL Background Thread 3 ] DEBUG Engine               - profileName: StringProperty [value: DEFAULT]
04:53:35.126 [FXGL Background Thread 3 ] DEBUG Engine               - randomSeed: -1
04:53:35.126 [FXGL Background Thread 3 ] DEBUG Engine               - runtimeInfo: RuntimeInfo(platform=WINDOWS, version=11.12, build=11.12.2020 08.51)
04:53:35.126 [FXGL Background Thread 3 ] DEBUG Engine               - saveFileExt: sav
04:53:35.126 [FXGL Background Thread 3 ] DEBUG Engine               - scaledHeightProp$fxgl: DoubleProperty [bound, value: 600.0]
04:53:35.127 [FXGL Background Thread 3 ] DEBUG Engine               - scaledWidthProp$fxgl: DoubleProperty [bound, value: 800.0]
04:53:35.127 [FXGL Background Thread 3 ] DEBUG Engine               - sceneFactory: com.almasb.fxgl.app.scene.SceneFactory@7027f468
04:53:35.127 [FXGL Background Thread 3 ] DEBUG Engine               - secondsIn24h: 60
04:53:35.127 [FXGL Background Thread 3 ] DEBUG Engine               - soundMenuBack: menu/back.wav
04:53:35.127 [FXGL Background Thread 3 ] DEBUG Engine               - soundMenuPress: menu/press.wav
04:53:35.127 [FXGL Background Thread 3 ] DEBUG Engine               - soundMenuSelect: menu/select.wav
04:53:35.127 [FXGL Background Thread 3 ] DEBUG Engine               - soundNotification: core/notification.wav
04:53:35.127 [FXGL Background Thread 3 ] DEBUG Engine               - stageStyle: DECORATED
04:53:35.128 [FXGL Background Thread 3 ] DEBUG Engine               - supportedLanguages: [ENGLISH, FRENCH, GERMAN, HUNGARIAN, RUSSIAN]
04:53:35.128 [FXGL Background Thread 3 ] DEBUG Engine               - title: Untitled
04:53:35.128 [FXGL Background Thread 3 ] DEBUG Engine               - urlGithub: https://github.com/AlmasB/FXGL
04:53:35.128 [FXGL Background Thread 3 ] DEBUG Engine               - urlLeaderboard: http://fxgl-top.herokuapp.com/
04:53:35.128 [FXGL Background Thread 3 ] DEBUG Engine               - urlPOM: https://raw.githubusercontent.com/AlmasB/FXGL/master/README.md
04:53:35.128 [FXGL Background Thread 3 ] DEBUG Engine               - version: 0.0
04:53:35.128 [FXGL Background Thread 3 ] DEBUG Engine               - versionCheckDays: 7
04:53:35.128 [FXGL Background Thread 3 ] DEBUG Engine               - width: 800
04:53:35.128 [FXGL Background Thread 3 ] DEBUG Engine               - Logging services
04:53:35.129 [FXGL Background Thread 3 ] DEBUG Engine               - class com.almasb.fxgl.app.FXGLApplication$GameApplicationService
04:53:35.129 [FXGL Background Thread 3 ] DEBUG Engine               - class com.almasb.fxgl.app.services.FXGLDialogService
04:53:35.129 [FXGL Background Thread 3 ] DEBUG Engine               - class com.almasb.fxgl.app.services.IOTaskExecutorService
04:53:35.129 [FXGL Background Thread 3 ] DEBUG Engine               - class com.almasb.fxgl.event.EventBusService
04:53:35.129 [FXGL Background Thread 3 ] DEBUG Engine               - class com.almasb.fxgl.io.FileSystemService
04:53:35.129 [FXGL Background Thread 3 ] DEBUG Engine               - class com.almasb.fxgl.localization.LocalizationService
04:53:35.129 [FXGL Background Thread 3 ] DEBUG Engine               - class com.almasb.fxgl.app.services.FXGLAssetLoaderService
04:53:35.129 [FXGL Background Thread 3 ] DEBUG Engine               - class com.almasb.fxgl.app.services.SystemBundleService
04:53:35.129 [FXGL Background Thread 3 ] DEBUG Engine               - class com.almasb.fxgl.profile.SaveLoadService
04:53:35.130 [FXGL Background Thread 3 ] DEBUG Engine               - class com.almasb.fxgl.ui.FXGLUIFactoryServiceProvider
04:53:35.130 [FXGL Background Thread 3 ] DEBUG Engine               - class com.almasb.fxgl.ui.FXGLDialogFactoryServiceProvider
04:53:35.130 [FXGL Background Thread 3 ] DEBUG Engine               - class com.almasb.fxgl.audio.AudioPlayer
04:53:35.130 [FXGL Background Thread 3 ] DEBUG Engine               - class com.almasb.fxgl.notification.impl.NotificationServiceProvider
04:53:35.130 [FXGL Background Thread 3 ] DEBUG Engine               - class com.almasb.fxgl.achievement.AchievementService
04:53:35.130 [FXGL Background Thread 3 ] DEBUG Engine               - class com.almasb.fxgl.cutscene.CutsceneService
04:53:35.130 [FXGL Background Thread 3 ] DEBUG Engine               - class com.almasb.fxgl.minigames.MiniGameService
04:53:35.130 [FXGL Background Thread 3 ] DEBUG Engine               - class com.almasb.fxgl.net.NetService
04:53:35.130 [FXGL Background Thread 3 ] DEBUG Engine               - class com.almasb.fxgl.app.services.UpdaterService
04:53:35.131 [FXGL Background Thread 3 ] DEBUG Engine               - class com.almasb.fxgl.dev.DevService
04:56:24.997 [JavaFX Application Thread] DEBUG FXGLApplication      - Exiting FXGL
04:56:24.997 [JavaFX Application Thread] DEBUG LoopRunner           - Stopping loop
04:56:24.997 [JavaFX Application Thread] DEBUG SystemBundleService  - Saving FXGL system data
04:56:25.000 [JavaFX Application Thread] DEBUG FileSystemAccess     - Writing to: C:\Users\chowdhuryj\OneDrive - Milwaukee School of Engineering\Desktop\FXGL\system\fxgl.bundle
04:56:25.004 [JavaFX Application Thread] DEBUG Async                - Shutting down background threads
04:56:25.004 [JavaFX Application Thread] DEBUG MainWindow           - Closing main window
04:56:25.041 [JavaFX Application Thread] DEBUG Logger               - Closing Logger
