21:04:39.424 [main                     ] DEBUG Logger               - Configured Logger
21:04:39.439 [main                     ] DEBUG GameApplication      - Logging settings
Title: Basic Game App
Version: 0.1
Width: 600
Height: 600
Fullscreen: false
Intro: false
Profiling: false
Single step:false
App Mode: DEVELOPER
Menu Key: ESCAPE
Stage Style: DECORATED
Scene Factory: class com.almasb.fxgl.app.scene.SceneFactory

21:04:40.768 [JavaFX Application Thread] DEBUG FXGLApplication      - Initializing FXGL
21:04:40.772 [JavaFX Application Thread] INFO  Engine               - FXGL-11.12 (11.12.2020 08.51) on WINDOWS (J:21.0.2 FX:21)
21:04:40.774 [JavaFX Application Thread] DEBUG Engine               - JRE Vendor Name: Oracle Corporation
21:04:40.774 [JavaFX Application Thread] DEBUG Engine               - Running on OS: Windows 11 version 10.0
21:04:40.774 [JavaFX Application Thread] DEBUG Engine               - Architecture: amd64
21:04:40.775 [JavaFX Application Thread] INFO  Engine               - Source code and latest versions at: https://github.com/AlmasB/FXGL
21:04:40.775 [JavaFX Application Thread] INFO  Engine               -              Join the FXGL chat at: https://gitter.im/AlmasB/FXGL
21:04:41.039 [JavaFX Application Thread] DEBUG MainWindow           - Creating a JavaFX scene
21:04:41.186 [JavaFX Application Thread] DEBUG MainWindow           - Target settings size: 600.0 x 600.0
21:04:41.187 [JavaFX Application Thread] DEBUG MainWindow           - Scaled scene size:    600.0 x 600.0
21:04:41.187 [JavaFX Application Thread] DEBUG MainWindow           - Scaled ratio: (1.0, 1.0)
21:04:41.188 [JavaFX Application Thread] DEBUG MainWindow           - Set initial scene to StartupScene
21:04:41.196 [JavaFX Application Thread] DEBUG MainWindow           - Opening main window
21:04:41.509 [JavaFX Application Thread] DEBUG MainWindow           - Window border size: (14.4000244140625, 37.5999755859375)
21:04:41.510 [JavaFX Application Thread] DEBUG MainWindow           - Scaled size: 600.0 x 600.0
21:04:41.510 [JavaFX Application Thread] DEBUG MainWindow           - Scaled ratio: (1.0, 1.0)
21:04:41.510 [JavaFX Application Thread] DEBUG MainWindow           - Scene size: 600.0 x 600.0
21:04:41.511 [JavaFX Application Thread] DEBUG MainWindow           - Stage size: 614.4000244140625 x 637.5999755859375
21:04:41.541 [FXGL Background Thread 1 ] DEBUG Engine               - Initializing environment variables
21:04:41.804 [FXGL Background Thread 1 ] DEBUG GameApplicationServi - Applying CSS: fxgl_dark.css
21:04:41.807 [FXGL Background Thread 1 ] DEBUG FXGLAssetLoaderServi - Loading from file system: /assets/ui/css/fxgl_dark.css
21:04:42.025 [FXGL Background Thread 1 ] DEBUG GameApplicationServi - Initializing application scenes
21:04:42.224 [FXGL Background Thread 1 ] DEBUG GameWorld            - Game world initialized
21:04:42.499 [FXGL Background Thread 1 ] DEBUG PhysicsWorld         - Physics world initialized: appHeight=600, physics.ppm=50.0
21:04:42.505 [FXGL Background Thread 1 ] DEBUG GameScene            - Game scene initialized: 600x600
21:04:42.608 [FXGL Background Thread 1 ] DEBUG FXGLAssetLoaderServi - Loading from file system: /assets/textures/particles/trace_horizontal.png
21:04:42.729 [FXGL Background Thread 1 ] WARN  FXGL.DefaultMenu     - FXGLDefaultMenu is not designed for resolutions < 800x600
21:04:42.730 [FXGL Background Thread 1 ] DEBUG FXGL.DefaultMenu     - createMenuBodyGameMenu()
21:04:42.772 [FXGL Background Thread 1 ] DEBUG FXGL.DefaultMenu     - createOptionsMenu()
21:04:42.789 [FXGL Background Thread 1 ] DEBUG FXGLAssetLoaderServi - Loading from file system: /assets/textures/particles/smoke.png
21:04:42.935 [FXGL Background Thread 1 ] DEBUG GameApplicationServi - Application scenes initialized
21:04:43.032 [FXGL Background Thread 1 ] DEBUG SystemBundleService  - Loading FXGL system data
21:04:43.049 [FXGL Background Thread 1 ] DEBUG FileSystemAccess     - Reading from: C:\Users\chowdhuryj\OneDrive - Milwaukee School of Engineering\Desktop\FXGL\system\fxgl.bundle
21:04:43.085 [FXGL Background Thread 1 ] DEBUG SystemBundleService  - Bundle FXGL: {}
21:04:43.085 [FXGL Background Thread 1 ] DEBUG UpdaterService       - Checking for updates
21:04:43.105 [FXGL Background Thread 4 ] DEBUG FXGLApplication      - Loading fonts
21:04:43.106 [FXGL Background Thread 4 ] DEBUG FXGLAssetLoaderServi - Loading from file system: /assets/ui/fonts/VarelaRound-Regular.ttf
21:04:43.108 [FXGL Background Thread 1 ] DEBUG FXGLApplication      - Loading default localization
21:04:43.109 [FXGL Background Thread 1 ] DEBUG FXGLAssetLoaderServi - Loading from file system: /assets/languages/english.lang
21:04:43.163 [FXGL Background Thread 1 ] INFO  FXGLApplication      - FXGL initialization took: 1.621 sec
21:04:43.193 [JavaFX Application Thread] DEBUG Input                - Registered new binding: action0 - D
21:04:43.194 [JavaFX Application Thread] DEBUG Input                - Registered new binding: action1 - A
21:04:43.195 [JavaFX Application Thread] DEBUG Input                - Registered new binding: action2 - W
21:04:43.197 [JavaFX Application Thread] DEBUG Input                - Registered new binding: action3 - S
21:04:43.198 [JavaFX Application Thread] DEBUG FXGLAssetLoaderServi - Loading from file system: /assets/textures/fxgl_icon.png
21:04:43.299 [JavaFX Application Thread] DEBUG FXGLAssetLoaderServi - Loading from file system: /assets/ui/cursors/fxgl_default.png
21:04:43.322 [JavaFX Application Thread] DEBUG Input                - Registered new binding: Screenshot - P
21:04:43.329 [JavaFX Application Thread] DEBUG Input                - Registered new binding: System info dump - CTRL+9
21:04:43.334 [JavaFX Application Thread] DEBUG Input                - Registered new binding: Restart - CTRL+R
21:04:43.335 [FXGL Background Thread 4 ] DEBUG FXGLAssetLoaderServi - Loading from file system: /assets/ui/fonts/Abel-Regular.ttf
21:04:43.346 [JavaFX Application Thread] DEBUG Input                - Registered new binding: Toggle Debug Camera - CTRL+C
21:04:43.352 [FXGL Background Thread 4 ] DEBUG FXGLAssetLoaderServi - Loading from file system: /assets/ui/fonts/lucida_console.ttf
21:04:43.374 [FXGL Background Thread 4 ] DEBUG FXGLAssetLoaderServi - Loading from file system: /assets/ui/fonts/Courier-Prime.ttf
21:04:43.394 [JavaFX Application Thread] DEBUG LoopRunner           - Starting loop
21:04:43.416 [JavaFX Application Thread] DEBUG GameApplicationServi - Starting new game
21:04:43.419 [JavaFX Application Thread] DEBUG Input                - Clearing active input actions
21:04:43.489 [JavaFX Application Thread] DEBUG GameApplicationServi - Removing overlay from StartupScene and adding to FXGLLoadingScene
21:04:43.490 [JavaFX Application Thread] DEBUG MainWindow           - StartupScene -> FXGLLoadingScene
21:04:43.490 [JavaFX Application Thread] DEBUG GameApplicationServi - Clearing previous game
21:04:43.490 [JavaFX Application Thread] DEBUG GameScene            - Clearing game scene
21:04:43.491 [JavaFX Application Thread] DEBUG GameWorld            - Clearing game world
21:04:43.491 [JavaFX Application Thread] DEBUG PhysicsWorld         - Clearing physics world
21:04:43.503 [FXGL Background Thread 4 ] DEBUG FXGLApplication      - Initializing game
21:04:43.527 [FXGL Background Thread 4 ] DEBUG FXGLAssetLoaderServi - Loading from file system: /assets/textures/brick.png
21:04:43.573 [JavaFX Application Thread] DEBUG FXGLApplication      - Registering font factories with UI factory
21:04:43.632 [FXGL Background Thread 4 ] DEBUG FXGLAssetLoaderServi - Loading from cache: /assets/textures/brick.png
21:04:43.640 [FXGL Background Thread 4 ] INFO  FXGLApplication      - Game initialization took: 0.137 sec
21:04:43.860 [JavaFX Application Thread] DEBUG Input                - Clearing active input actions
21:04:43.891 [JavaFX Application Thread] DEBUG GameApplicationServi - Removing overlay from FXGLLoadingScene and adding to GameScene
21:04:43.892 [JavaFX Application Thread] DEBUG MainWindow           - FXGLLoadingScene -> GameScene
21:04:45.032 [FXGL Background Thread 2 ] INFO  UpdaterService       - Your current version:  11.12
21:04:45.033 [FXGL Background Thread 2 ] INFO  UpdaterService       - Latest stable version: 21.1
21:04:46.097 [FXGL Background Thread 3 ] DEBUG Engine               - Logging environment variables
21:04:46.098 [FXGL Background Thread 3 ] DEBUG Engine               - achievements: []
21:04:46.098 [FXGL Background Thread 3 ] DEBUG Engine               - actualHeight: 600.0
21:04:46.098 [FXGL Background Thread 3 ] DEBUG Engine               - actualHeightProperty: ReadOnlyDoubleProperty [value: 600.0]
21:04:46.098 [FXGL Background Thread 3 ] DEBUG Engine               - actualWidth: 600.0
21:04:46.098 [FXGL Background Thread 3 ] DEBUG Engine               - actualWidthProperty: ReadOnlyDoubleProperty [value: 600.0]
21:04:46.099 [FXGL Background Thread 3 ] DEBUG Engine               - appIcon: fxgl_icon.png
21:04:46.099 [FXGL Background Thread 3 ] DEBUG Engine               - applicationMode: DEVELOPER
21:04:46.099 [FXGL Background Thread 3 ] DEBUG Engine               - cSSList: [fxgl_dark.css]
21:04:46.099 [FXGL Background Thread 3 ] DEBUG Engine               - configClass: Optional.empty
21:04:46.099 [FXGL Background Thread 3 ] DEBUG Engine               - credits: []
21:04:46.099 [FXGL Background Thread 3 ] DEBUG Engine               - devBBoxColorProperty: ObjectProperty [value: 0xff0000ff]
21:04:46.099 [FXGL Background Thread 3 ] DEBUG Engine               - devEnableDebugCameraProperty: BooleanProperty [value: false]
21:04:46.100 [FXGL Background Thread 3 ] DEBUG Engine               - devSensorColorProperty: ObjectProperty [value: 0xffff00ff]
21:04:46.100 [FXGL Background Thread 3 ] DEBUG Engine               - devShowBBoxProperty: BooleanProperty [value: false]
21:04:46.100 [FXGL Background Thread 3 ] DEBUG Engine               - devShowPositionProperty: BooleanProperty [value: false]
21:04:46.100 [FXGL Background Thread 3 ] DEBUG Engine               - enabledMenuItems: []
21:04:46.100 [FXGL Background Thread 3 ] DEBUG Engine               - engineServices: [class com.almasb.fxgl.app.FXGLApplication$GameApplicationService, class com.almasb.fxgl.app.services.FXGLDialogService, class com.almasb.fxgl.app.services.IOTaskExecutorService, class com.almasb.fxgl.event.EventBusService, class com.almasb.fxgl.io.FileSystemService, class com.almasb.fxgl.localization.LocalizationService, class com.almasb.fxgl.app.services.FXGLAssetLoaderService, class com.almasb.fxgl.app.services.SystemBundleService, class com.almasb.fxgl.profile.SaveLoadService, class com.almasb.fxgl.ui.FXGLUIFactoryServiceProvider, class com.almasb.fxgl.ui.FXGLDialogFactoryServiceProvider, class com.almasb.fxgl.audio.AudioPlayer, class com.almasb.fxgl.notification.impl.NotificationServiceProvider, class com.almasb.fxgl.achievement.AchievementService, class com.almasb.fxgl.cutscene.CutsceneService, class com.almasb.fxgl.minigames.MiniGameService, class com.almasb.fxgl.net.NetService, class com.almasb.fxgl.app.services.UpdaterService, class com.almasb.fxgl.dev.DevService]
21:04:46.100 [FXGL Background Thread 3 ] DEBUG Engine               - fontGame: Abel-Regular.ttf
21:04:46.100 [FXGL Background Thread 3 ] DEBUG Engine               - fontMono: lucida_console.ttf
21:04:46.100 [FXGL Background Thread 3 ] DEBUG Engine               - fontText: Courier-Prime.ttf
21:04:46.101 [FXGL Background Thread 3 ] DEBUG Engine               - fontUI: VarelaRound-Regular.ttf
21:04:46.101 [FXGL Background Thread 3 ] DEBUG Engine               - fullScreen: BooleanProperty [value: false]
21:04:46.101 [FXGL Background Thread 3 ] DEBUG Engine               - gameDifficulty: MEDIUM
21:04:46.101 [FXGL Background Thread 3 ] DEBUG Engine               - gameDifficultyProperty: ObjectProperty [value: MEDIUM]
21:04:46.101 [FXGL Background Thread 3 ] DEBUG Engine               - globalMusicVolume: 0.5
21:04:46.101 [FXGL Background Thread 3 ] DEBUG Engine               - globalMusicVolumeProperty: DoubleProperty [value: 0.5]
21:04:46.101 [FXGL Background Thread 3 ] DEBUG Engine               - globalSoundVolume: 0.5
21:04:46.101 [FXGL Background Thread 3 ] DEBUG Engine               - globalSoundVolumeProperty: DoubleProperty [value: 0.5]
21:04:46.101 [FXGL Background Thread 3 ] DEBUG Engine               - height: 600
21:04:46.102 [FXGL Background Thread 3 ] DEBUG Engine               - isAndroid: false
21:04:46.102 [FXGL Background Thread 3 ] DEBUG Engine               - isBrowser: false
21:04:46.102 [FXGL Background Thread 3 ] DEBUG Engine               - isClickFeedbackEnabled: false
21:04:46.102 [FXGL Background Thread 3 ] DEBUG Engine               - isCloseConfirmation: false
21:04:46.102 [FXGL Background Thread 3 ] DEBUG Engine               - isDesktop: true
21:04:46.102 [FXGL Background Thread 3 ] DEBUG Engine               - isDeveloperMenuEnabled: false
21:04:46.102 [FXGL Background Thread 3 ] DEBUG Engine               - isEntityPreloadEnabled: true
21:04:46.102 [FXGL Background Thread 3 ] DEBUG Engine               - isExperimental3D: false
21:04:46.102 [FXGL Background Thread 3 ] DEBUG Engine               - isExperimentalNative: false
21:04:46.102 [FXGL Background Thread 3 ] DEBUG Engine               - isExperimentalTiledLargeMap: false
21:04:46.102 [FXGL Background Thread 3 ] DEBUG Engine               - isFileSystemWriteAllowed: true
21:04:46.103 [FXGL Background Thread 3 ] DEBUG Engine               - isFullScreenAllowed: false
21:04:46.103 [FXGL Background Thread 3 ] DEBUG Engine               - isFullScreenFromStart: false
21:04:46.103 [FXGL Background Thread 3 ] DEBUG Engine               - isGameMenuEnabled: true
21:04:46.103 [FXGL Background Thread 3 ] DEBUG Engine               - isIOS: false
21:04:46.103 [FXGL Background Thread 3 ] DEBUG Engine               - isIntroEnabled: false
21:04:46.103 [FXGL Background Thread 3 ] DEBUG Engine               - isLinux: false
21:04:46.103 [FXGL Background Thread 3 ] DEBUG Engine               - isMac: false
21:04:46.103 [FXGL Background Thread 3 ] DEBUG Engine               - isMainMenuEnabled: false
21:04:46.104 [FXGL Background Thread 3 ] DEBUG Engine               - isManualResizeEnabled: false
21:04:46.104 [FXGL Background Thread 3 ] DEBUG Engine               - isMobile: false
21:04:46.104 [FXGL Background Thread 3 ] DEBUG Engine               - isPreserveResizeRatio: false
21:04:46.104 [FXGL Background Thread 3 ] DEBUG Engine               - isProfilingEnabled: false
21:04:46.104 [FXGL Background Thread 3 ] DEBUG Engine               - isScaleAffectedOnResize: true
21:04:46.104 [FXGL Background Thread 3 ] DEBUG Engine               - isSingleStep: false
21:04:46.104 [FXGL Background Thread 3 ] DEBUG Engine               - isUserProfileEnabled: false
21:04:46.104 [FXGL Background Thread 3 ] DEBUG Engine               - isWindows: true
21:04:46.104 [FXGL Background Thread 3 ] DEBUG Engine               - language: ObjectProperty [value: ENGLISH]
21:04:46.104 [FXGL Background Thread 3 ] DEBUG Engine               - menuKey: ESCAPE
21:04:46.104 [FXGL Background Thread 3 ] DEBUG Engine               - notificationViewClass: class com.almasb.fxgl.notification.view.XboxNotificationView
21:04:46.105 [FXGL Background Thread 3 ] DEBUG Engine               - pixelsPerMeter: 50.0
21:04:46.105 [FXGL Background Thread 3 ] DEBUG Engine               - platform: WINDOWS
21:04:46.105 [FXGL Background Thread 3 ] DEBUG Engine               - prefHeightProperty: ReadOnlyDoubleProperty [value: 600.0]
21:04:46.105 [FXGL Background Thread 3 ] DEBUG Engine               - prefWidthProperty: ReadOnlyDoubleProperty [value: 600.0]
21:04:46.105 [FXGL Background Thread 3 ] DEBUG Engine               - profileDir: profiles/
21:04:46.105 [FXGL Background Thread 3 ] DEBUG Engine               - profileName: StringProperty [value: DEFAULT]
21:04:46.105 [FXGL Background Thread 3 ] DEBUG Engine               - randomSeed: -1
21:04:46.105 [FXGL Background Thread 3 ] DEBUG Engine               - runtimeInfo: RuntimeInfo(platform=WINDOWS, version=11.12, build=11.12.2020 08.51)
21:04:46.105 [FXGL Background Thread 3 ] DEBUG Engine               - saveFileExt: sav
21:04:46.105 [FXGL Background Thread 3 ] DEBUG Engine               - scaledHeightProp$fxgl: DoubleProperty [bound, value: 600.0]
21:04:46.106 [FXGL Background Thread 3 ] DEBUG Engine               - scaledWidthProp$fxgl: DoubleProperty [bound, value: 600.0]
21:04:46.106 [FXGL Background Thread 3 ] DEBUG Engine               - sceneFactory: com.almasb.fxgl.app.scene.SceneFactory@2ab2e678
21:04:46.106 [FXGL Background Thread 3 ] DEBUG Engine               - secondsIn24h: 60
21:04:46.106 [FXGL Background Thread 3 ] DEBUG Engine               - soundMenuBack: menu/back.wav
21:04:46.106 [FXGL Background Thread 3 ] DEBUG Engine               - soundMenuPress: menu/press.wav
21:04:46.106 [FXGL Background Thread 3 ] DEBUG Engine               - soundMenuSelect: menu/select.wav
21:04:46.106 [FXGL Background Thread 3 ] DEBUG Engine               - soundNotification: core/notification.wav
21:04:46.106 [FXGL Background Thread 3 ] DEBUG Engine               - stageStyle: DECORATED
21:04:46.106 [FXGL Background Thread 3 ] DEBUG Engine               - supportedLanguages: [ENGLISH, FRENCH, GERMAN, HUNGARIAN, RUSSIAN]
21:04:46.106 [FXGL Background Thread 3 ] DEBUG Engine               - title: Basic Game App
21:04:46.106 [FXGL Background Thread 3 ] DEBUG Engine               - urlGithub: https://github.com/AlmasB/FXGL
21:04:46.106 [FXGL Background Thread 3 ] DEBUG Engine               - urlLeaderboard: http://fxgl-top.herokuapp.com/
21:04:46.106 [FXGL Background Thread 3 ] DEBUG Engine               - urlPOM: https://raw.githubusercontent.com/AlmasB/FXGL/master/README.md
21:04:46.107 [FXGL Background Thread 3 ] DEBUG Engine               - version: 0.1
21:04:46.107 [FXGL Background Thread 3 ] DEBUG Engine               - versionCheckDays: 7
21:04:46.107 [FXGL Background Thread 3 ] DEBUG Engine               - width: 600
21:04:46.107 [FXGL Background Thread 3 ] DEBUG Engine               - Logging services
21:04:46.107 [FXGL Background Thread 3 ] DEBUG Engine               - class com.almasb.fxgl.app.FXGLApplication$GameApplicationService
21:04:46.107 [FXGL Background Thread 3 ] DEBUG Engine               - class com.almasb.fxgl.app.services.FXGLDialogService
21:04:46.107 [FXGL Background Thread 3 ] DEBUG Engine               - class com.almasb.fxgl.app.services.IOTaskExecutorService
21:04:46.107 [FXGL Background Thread 3 ] DEBUG Engine               - class com.almasb.fxgl.event.EventBusService
21:04:46.107 [FXGL Background Thread 3 ] DEBUG Engine               - class com.almasb.fxgl.io.FileSystemService
21:04:46.107 [FXGL Background Thread 3 ] DEBUG Engine               - class com.almasb.fxgl.localization.LocalizationService
21:04:46.107 [FXGL Background Thread 3 ] DEBUG Engine               - class com.almasb.fxgl.app.services.FXGLAssetLoaderService
21:04:46.107 [FXGL Background Thread 3 ] DEBUG Engine               - class com.almasb.fxgl.app.services.SystemBundleService
21:04:46.107 [FXGL Background Thread 3 ] DEBUG Engine               - class com.almasb.fxgl.profile.SaveLoadService
21:04:46.107 [FXGL Background Thread 3 ] DEBUG Engine               - class com.almasb.fxgl.ui.FXGLUIFactoryServiceProvider
21:04:46.108 [FXGL Background Thread 3 ] DEBUG Engine               - class com.almasb.fxgl.ui.FXGLDialogFactoryServiceProvider
21:04:46.108 [FXGL Background Thread 3 ] DEBUG Engine               - class com.almasb.fxgl.audio.AudioPlayer
21:04:46.108 [FXGL Background Thread 3 ] DEBUG Engine               - class com.almasb.fxgl.notification.impl.NotificationServiceProvider
21:04:46.108 [FXGL Background Thread 3 ] DEBUG Engine               - class com.almasb.fxgl.achievement.AchievementService
21:04:46.108 [FXGL Background Thread 3 ] DEBUG Engine               - class com.almasb.fxgl.cutscene.CutsceneService
21:04:46.108 [FXGL Background Thread 3 ] DEBUG Engine               - class com.almasb.fxgl.minigames.MiniGameService
21:04:46.108 [FXGL Background Thread 3 ] DEBUG Engine               - class com.almasb.fxgl.net.NetService
21:04:46.108 [FXGL Background Thread 3 ] DEBUG Engine               - class com.almasb.fxgl.app.services.UpdaterService
21:04:46.108 [FXGL Background Thread 3 ] DEBUG Engine               - class com.almasb.fxgl.dev.DevService
21:05:01.759 [JavaFX Application Thread] DEBUG FXGLApplication      - Exiting FXGL
21:05:01.760 [JavaFX Application Thread] DEBUG LoopRunner           - Stopping loop
21:05:01.760 [JavaFX Application Thread] DEBUG SystemBundleService  - Saving FXGL system data
21:05:01.763 [JavaFX Application Thread] DEBUG FileSystemAccess     - Writing to: C:\Users\chowdhuryj\OneDrive - Milwaukee School of Engineering\Desktop\FXGL\system\fxgl.bundle
21:05:01.767 [JavaFX Application Thread] DEBUG Async                - Shutting down background threads
21:05:01.767 [JavaFX Application Thread] DEBUG MainWindow           - Closing main window
21:05:01.813 [JavaFX Application Thread] DEBUG Logger               - Closing Logger
